1,bentfingers@gmail.com,Luigi Aditiarama,
1,pcjones10@gmail.com,Philip Jones,
1,follmann@gmail.com,Christian Follmann,
1,sasha.loktev@gmail.com,Alexander Loktev,
1,birolbecan@gmail.com,birol becan,
1,cdsuchet@comcast.net,christophe suchet,
1,paul@mathewscarlsen.com,Paul Holzhauser,
1,amaldrete63@gmail.com,andres aldrete,
1,ziopiero70@yahoo.com,Pierfrancesco Landolfi,
1,morten@green-smith.net,Morten Green,COORD
1,russ.nord@gmail.com,Russell Nord,
1,wizardplow@gmail.com,Blake Parkinson,
1,ashota@hotmail.com,Ashot Andreasyan,
1,mikedrews@sbcglobal.net,Michael Drews,
1,theglinders@mac.com,Kellen Glinder,
1,mhavern11@aol.com,Michael Havern,
1,edwardk99@gmail.com,Edward Kim,
2,hamidarj@gmail.com,Hamid Arjomand,
2,rpratt@stanfordalumni.org,Bob Pratt,COORD
2,jigziee@gmail.com,Jigz Mehta,
2,jemlgarona@gmail.com,Juan Garona,
2,aschenck771@gmail.com,Alan Schenck,
2,remywilliam@gmail.com,Remy Lamberts,
2,abtanz@ucdavis.edu,Aaron Tanz,
2,frank@franksplace.net,Frank Stutz,
2,the_address@yahoo.com,Patrik Jonsson,
2,fnocedal@yahoo.com,Fernando Nocedal,
2,hkorre@gmail.com,Hasan Korre,
2,ted.gay@kyderby.com,Ted Gay,
2,13sudipto@gmail.com,Sudipto Aich,
2,mgmouser@yahoo.com,Mauro Garcia,
2,sudmeh07@gmail.com,Sudhir Mehta,
2,m4gifford@gmail.com,Martin Gifford,
3,upawlik@yahoo.com,Udo Pawlik,
3,russellkjones@gmail.com,Russell Jones,
3,luisverduzco1981@gmail.com,Luis Verduzco,
3,eugene.kubovsky@gmail.com,Eugene Kubovsky,COORD
3,henrycornejo86@gmail.com,Henry Cornejo,
3,caseykoulman@gmail.com,Casey koulman,
3,marco@demiroz.com,marco demiroz,
3,rkrolik@sbcglobal.net,Rob Krolik,
3,alejandro.munoz@gmail.com,Alejandro Munoz,
3,dstrandness@gmail.com,David Strandness,
3,skratz@gmail.com,Stefan Kratz,
3,jassko2@gmail.com,Jason Ko,
3,t.hernoult@comcast.net,Thierry Hernoult,
3,opodolyan27@gmail.com,Ollie Podolyan,
3,mlukamina@gmail.com,Branimir Milinkovic,
3,lyntimgarrett@yahoo.com,Tim Garrett,
3,romain.madelaine@stanford.edu,Romain Madelaine,
4,kelsatmontara@aol.com,Steve Kelsey,
4,jkeenan1000@gmail.com,John Keenan,
4,noelpryan@gmail.com,Noel Ryan,
4,wronsutton@gmail.com,W Ron Sutton,COORD
4,nathan.fitzsimmons@gmail.com,Nathan Fitzsimmons,
4,alex@limberis.net,Alex Limberis,
4,srenaker@gmail.com,Steve Renaker,
4,mdwheel@mfls.com,Mark Wheeler,
4,lmaheras@maheraswealthmanagement.com,Leo Maheras,
4,xivxix@gmail.com,Bahram Dahi,
4,narimanshariat@yahoo.com,Nariman Shariat,
4,christofrangos@gmail.com,Chris Frangos,
4,isoltero007@gmail.com,Junior Soltero,
4,nmaheras@yahoo.com,Nikos Maheras,
4,anthonyhc_law@msn.com,Anthony Law,
4,scott1337@hotmail.com,Scott Young,
4,kyoungunr@gmail.com,Keith Young,
5,sungho63@gmail.com,sungho kim,
5,ecthelionv@gmail.com,Nicholas Keehn,
5,marcboxser@gmail.com,marc boxser,
5,edelarocha@gmail.com,Ernesto de la Rocha Gomez,
5,suthersm@stanford.edu,Scott Sutherland,
5,blasnek@yahoo.com,Brent Blasnek,
5,tavrow@comcast.net,Lee Tavrow,COORD
5,samlada@gmail.com,Samuel Lada,
5,tracy@thonn.com,Tracy Thonn,
5,huard@yahoo.com,Paul Huard,
5,kalidip@yahoo.com,Kalidip Choudhury,
5,bjenkins1962@att.net,Bob Jenkins,
5,herreropaco@netscape.net,Paco Herrero,
5,jim@scheinman.net,Jim Scheinman,
5,gdresden@gmail.com,Graham Dresden,
5,cribbe@ssi.samsung.com,Carsten Ribbe,
5,kim.limbrick@gmail.com,Kim Limbrick,
6,lyleong@pacbell.net,Leon Leong,
6,rcardenas12468@gmail.com,Rigoberto Cardenas,
6,rcardenas12468@gmail.com,Ricardo Cardenas,
6,babar@simpleweblog.com,David Gauthier,
6,lglzdgmbln@yahoo.com,Elliot Weil,
6,allison@thespeichers.com,tony pereur,
6,klotzs@sbcglobal.net,Steven Klotz,
6,rburgos11@hotmail.com,Raul Burgos,
6,bret@qss.com,Bret Dabel,
6,hagurcan@comcast.net,Ates Gurcan,
6,dstahler@gmail.com,David Stahler,
6,alper@sbcglobal.net,Alper Ilkbahar,
6,minomtz@gmail.com,Emiliano Martinez,COORD
6,kbadiei@rutan.com,Kaveh Badiei,
6,brianrfung@gmail.com,brian fung,
6,rpierno@valleywater.org,Roger Pierno,
6,ClassicDJO@yahoo.com,David Ovadia,
7,kamienpl@gmail.com,Pawel Kaminski,
7,kenheller@msn.com,Kenneth Heller,
7,futbol_sandiego@yahoo.com,Alfredo Ramirez,
7,daniel.dumitran@gmail.com,Octavian Dumitran,
7,tshappart@gmail.com,Timothy Shappart,
7,fredsmith11460@comcast.net,fred smith,
7,olshen@gmail.com,Adam Olshen,COORD
7,andrei@apatent.com,Andrei Popovici,
7,andrew.karam@gmail.com,Andrew Karam,
7,hetterly@sbcglobal.net,Chris Hetterly,
7,mtbspam-paasl@yahoo.com,Michael Bruce,
7,mstewart@polymotec.com,michael stewart,
7,jmaarse@gmail.com,Jan Maarse,
7,scout7wc@gmail.com,Jon Criswell,
7,srinisan@gmx.com,Srini Sankaran,
7,leclercs@sbcglobal.net,Walter  Leclerc,
7,mbgraffeo@gmail.com,Brandon Graffeo,
8,raylin@gmail.com,Ray Lin,
8,pastiche3@gmail.com,Daniel Griffin,
8,gejrodwell@me.com,Graham Rodwell,
8,rguyon@pacbell.net,Richard Guyon,
8,david@L4Sinc.com,David Langer,COORD
8,teddy.cordery@gmail.com,Ted Cordery,
8,tcordery@itkc.com,Ted Cordery,
8,edchien@cs.stanford.edu,Edward Chien,
8,mschoenen@google.com,Marc Schoenen,
8,kyle.l.mcmartin@gmail.com,Kyle McMartin,
8,iandumee@gmail.com,Ian du Mee,
8,theman6667@yahoo.com,Nathan Clark,
8,mcewok@gmail.com,Andy Velasquez,
8,daring@yahoo.com,Darrell Ringman,
8,pguzman@seq.org,Pastor  Guzman,
8,Garayjose2012@gmail.com,Jose Garay,
8,pastorguzman@msn.com,Rodolfo Medina,
9,dougcorl@sbcglobal.net,Doug Corl,
9,george@svdirect.com,George Demienne,COORD
9,rwcjauregui@gmail.com,Hilario Jauregui,
9,antoniohardan@yahoo.com,Antonio Hardan,
9,hermannvonbertrab@me.com,Hermann von Bertrab,
9,josephneil@gmail.com,Joe Neil,
9,marc.joseph@sbcglobal.net,Marc Joseph,
9,brianpurchia@gmail.com,Brian  Purchia,
9,Justinlw@earthlink.net,Justin Welsh,
9,fischer.josef@gmail.com,Josef Fischer,
9,cornish.daniel@gmail.com,Daniel Cornish,
9,rob@koeten.net,Robert Koeten,
9,Rfarrell@pausd.org,ronnie farrell,
9,zeyarhtet@gmail.com,Zeyar Htet,
9,bpevangelista@gmail.com,Bruno Evangelista,
9,christopher.d.tom@Gmail.com,Chris Tom,
9,emailstevenkim@gmail.com,Steven Kim,
10,mayer.zimmer@gmail.com,Kevin Mayer,
10,charliehill00@gmail.com,Charlie Hill,
10,padillam@yahoo.com,Mark Padilla,
10,texasgh@gmail.com,Guy Hawkins,
10,helcio.nobre@gmail.com,Helcio Nobre,
10,keeper0@yahoo.com,Michael Turner,
10,stuart.reid@sbcglobal.net,Stuart Reid,
10,son_ho@pacbell.net,Son Ho,COORD
10,glennscheitrum@gmail.com,Glenn Scheitrum,
10,skhoo368@yahoo.com,Si Yi Khoo,
10,smore54@hotmail.com,Stephen More,
10,mayer.zimmer@gmail.com,Kevin Mayer,
10,guibastos@gmail.com,Gui Bastos,
10,bobmorell@gmail.com,Robert Morell,
10,fabunofal@yahoo.com,Fuad Abu Nofal,
10,dima.makovsky@gmail.com,Dmitry Makovsky,
10,austonmartin88@gmail.com,Austin Steacy,
11,mandahulusi@hotmail.com,Gunes Dervisoglu,
11,emrehan_tr@yahoo.com,Emrehan Kirimli,
11,veozdemir@gmail.com,Veli Ozdemir,
11,tansu.akgun@gmail.com,Osman Akgun,
11,anh_dina@att.net,Anh Nguyen,
11,jlee@cendogroup.com,Jonathan  Lee,
11,cpatriaw@gmail.com,carlos patriawan,
11,matt@papakipos.com,Matthew Papakipos,
11,bdecrem@gmail.com,bart decrem,
11,shuichiro.oohara@gmail.com,Shuichiro Ohara,
11,stephen@blueslugs.com,Stephen Hahn,
11,jofofc@yahoo.com,Johan Forsman,
11,scott@lessingfamily.com,Scott Lessing,
11,yazco@yahoo.com,John da Guia,
11,luna_victoria@hotmail.com,Alex Luna-Victoria,COORD
11,luna_victoria@hotmail.com,Estuardo Godoy,
12,aozer@mac.com,Ali Ozer,
12,reindall@gmail.com,Marek Mazur,
12,electricsymphony@hotmail.com,Bryan Eaton,
12,msagoo1980@gmail.com,Man Sagoo,
12,leolaura_2000@yahoo.com,Leo Centeno,
12,graham.brucek@gmail.com,Bruce Graham,
12,brent.seybold@gmail.com,brent seybold,
12,kdyche2@gmail.com,Kevin Dyche,COORD
12,parkeras@gmail.com,Tony Parker,
12,thomas.boyd@gmail.com,Thomas Boyd,
12,raminsaf@gmail.com,Ramin Safaie,
12,raanan.dagan@yahoo.com,Raanan Dagan,
12,lionel.hartmann@gmail.com,Lionel Hartmann,
12,pdeloulay@gmail.com,Patrick Deloulay,
12,bkelson@manatt.com,Bruce Kelson,
12,RalphLewisconstruction@gmail.com,Ralph Lewis,
12,Mbfabian@gmail.com,Mike Fabian,
