1,michael.t.koopmans@gmail.com,Michael Koopmans,
1,sungho63@gmail.com,sungho kim,
1,jigziee@gmail.com,Jigz Mehta,
1,noelpryan@gmail.com,Noel Ryan,
1,murmann@stanford.edu,Boris Murmann,
1,jim@scheinman.net,Jim Scheinman,
1,asurdutovich@gmail.com,Anatoly Surdutovich,
1,13sudipto@gmail.com,Sudipto Aich,
1,marc.joseph@sbcglobal.net,Marc Joseph,
1,arnar@arnar.net,Arnar Agustsson,
1,david@geefamily.com,David Gee,
1,johnbrunello@yahoo.com,John Brunello,
1,jlee@cendogroup.com,Jonathan  Lee,
1,christopher.d.tom@gmail.com,Chris Tom,
1,bpevangelista@gmail.com,Bruno Evangelista,
1,zeyarhtet@gmail.com,Zeyar Htet,
1,rbedros@yahoo.com,Robert Bedros,
1,kyle.piper@yahoo.com,Kyle Piper,
1,manjingo@gmail.com,Jay Jacinto,COORD
1,bbkelson@gmail.com,Bruce Kelson,
2,lyleong@pacbell.net,Leon Leong,COORD
2,chou_a@yahoo.com,Adolfo Chou,
2,christoph.pojer@gmail.com,Christoph Pojer,
2,olshen@gmail.com,Adam Olshen,
2,slee@stern.nyu.edu,Samuel Lee,
2,eric.l.hill@gmail.com,Eric Hill,
2,vasilevskiyalexander@gmail.com,Alexander Vasilevskiy,
2,john@davicorp.com,John Davi,
2,ralph@coastalcircuits.net,Ralph Richart,
2,mperczyn@gene.com,Matthias Perczynski,
2,Justinlw@earthlink.net,Justin Welsh,
2,eddie_parenti@hotmail.com,Eddie Parenti,
2,frank@franksplace.net,Frank Stutz,
2,conkelcm@hotmail.com,Christopher Conkel,
2,amaldrete63@gmail.com,andres aldrete,
2,darwishis@yahoo.com,Ihab Darwish,
2,ehsonazad@gmail.com,Ehson Azad,
2,guibastos@gmail.com,Gui Bastos,
2,yazco@yahoo.com,John da Guia,
3,tsanami@gmail.com,Takenori Sanami,
3,jun.makino@gmail.com,Jun Makino,
3,gdresden@gmail.com,Graham Dresden,
3,samlada@gmail.com,Samuel Lada,COORD
3,jeffg13@gmail.com,Jeff Greenfield,
3,rgblatman@aol.com,robert blatman,
3,mbgraffeo@gmail.com,Brandon Graffeo,
3,mayer.zimmer@gmail.com,Kevin Mayer,
3,jlang@wsgr.com,Justin Lang,
3,caseykoulman@gmail.com,Casey koulman,
3,skratz@gmail.com,Stefan Kratz,
3,michael.stewart@stanfordalumni.org,Michael Stewart,
3,chadbarbieri@yahoo.com,Chad Barbieri,
3,matt@papakipos.com,Matthew Papakipos,
3,theglinders@mac.com,Kellen Glinder,
3,gandhi.shreyas18@gmail.com,Shreyas Gandhi,
3,hdvaishn@gmail.com,Harsh Vaishnav,
3,hitesh@hortonworks.com,HITESH SHAH,
3,agassi727@gmail.com,Alexander Krivoruchko,
3,ecthelionv@gmail.com,Nicholas Keehn,
4,npolaris80@gmail.com,Nish Rajan,
4,cribbe@ssi.samsung.com,Carsten Ribbe,
4,larryblair@gmail.com,Larry Blair,
4,marcboxser@gmail.com,marc boxser,
4,rpratt@stanfordalumni.org,Bob Pratt,COORD
4,chris@roononline.com,Chris Roon,
4,patrick.metzger@gmail.com,Patrick Metzger,
4,paasl.org@moduda.fastmail.us,yoon kim,
4,sasha.loktev@gmail.com,Alexander Loktev,
4,kamienpl@gmail.com,Pawel Kaminski,
4,mhalleck@gmail.com,Michael Halleck,
4,hagurcan@comcast.net,Ates Gurcan,
4,conor.heneghan@gmail.com,Conor Heneghan,
4,wjames@ip-patent.com,William James,
4,alper@sbcglobal.net,Alper Ilkbahar,
4,jbpringuey@gmail.com,jean-baptiste pringuey,
4,marcuscampi@gmail.com,Marcus Campi,
4,nick.enthoven@gmail.com,Nicholas Enthoven,
4,mtbspam-paasl@yahoo.com,Michael Bruce,
4,efren.delamora.mil@mail.mil,Efren De La Mora,
