1,bret@qss.com,Bret Dabel,
1,rkrolik@sbcglobal.net,Rob Krolik,
1,jplankjr@sbcglobal.net,John Plankinton,
1,aozer@mac.com,Ali Ozer,
1,jigziee@gmail.com,Jigz Mehta,
1,nick.enthoven@gmail.com,Nicholas Enthoven,
1,luisaverduzco@hotmail.com,Luis Verduzco,
1,minomtz@gmail.com,Emiliano Martinez,
1,leolaura_2000@yahoo.com,Leo Centeno,
1,mark@lazarfamily.com,Mark Lazar,
1,tim.flagg@gmail.com,Tim Flagg,
1,raddish1000@sbcglobal.net,Adrian Smith,
1,dciancia@yahoo.com,Drew Ciancia,
1,tjgama@att.net,Tom Gama,COORD
1,lsm177@yahoo.com,Larry Yang,
1,breesun@yahoo.com,Frank Prince,
1,datrap03@yahoo.com,Danny  Trapani,
1,tpap1011@gmail.com,tony pereur,
1,gsevounts@aol.com,Gary Sevounts,
2,alejandro.munoz@gmail.com,Alejandro Munoz,
2,scott1337@hotmail.com,Scott Young,
2,graham.brucek@gmail.com,Bruce Graham,
2,chris.larmore@gmail.com,Chris Larmore,COORD
2,sglele@gmail.com,Surendra Lele,
2,aschenck771@gmail.com,Alan Schenck,
2,jemlgarona@gmail.com,Juan Garona,
2,alanbrush@gmail.com,alan brush,
2,ashota@hotmail.com,Ashot Andreasyan,
2,t.hernoult@comcast.net,Thierry Hernoult,
2,jim@scheinman.net,Jim Scheinman,
2,mschoenen@google.com,Marc Schoenen,
2,dm@soletan.com,david maselli,
2,dredge@gmail.com,Michael Eldredge,
2,mbgraffeo@gmail.com,Brandon Graffeo,
2,jassko2@gmail.com,Jason Ko,
2,hhchoe82@gmail.com,Hyun Choe,
2,hananregister@gmail.com,Hanan Beliak,
3,fabunofal@yahoo.com,Fuad Abu Nofal,
3,luke.thivierge@mac.com,Luke Thivierge,
3,isemin@gmail.com,Ilya Semin,
3,chuck@onepost.net,Chuck Gilbert,
3,daniel.dumitran@gmail.com,Octavian Dumitran,
3,mdwheel@mfls.com,Mark Wheeler,
3,florharv@gmail.com,Florin Constantin,
3,kalidip@yahoo.com,Kalidip Choudhury,
3,thomas.boyd@gmail.com,Thomas Boyd,
3,luodale@gmail.com,Jinghu Luo,
3,hetterly@sbcglobal.net,Chris Hetterly,
3,nathan.fitzsimmons@gmail.com,Nathan Fitzsimmons,
3,jim@planeshavings.com,Jim Stabile,
3,russellkjones@gmail.com,Russell Jones,
3,familyklem@gmail.com,Johannes Klem,
3,mgmouser@yahoo.com,Mauro Garcia,
3,awalsh@nvidia.com,Andy Walsh,
3,lglzdgmbln@yahoo.com,Elliot Weil,
3,jamesfelixcook@yahoo.com,James Cook,COORD
4,david@L4Sinc.com,David Langer,
4,mtbspam-paasl@yahoo.com,Michael Bruce,
4,leo.merken@gmail.com,Leo Merken,COORD
4,rcardenas12468@gmail.com,Rigoberto Cardenas,
4,rcardenas12468@gmail.com,Ricardo Cardenas,
4,cfinch@cpp.com,Calvin Finch,
4,ejensen@cooley.com,Eric Jensen,
4,jbwilliamson08@gmail.com,John Williamson,
4,theman6667@yahoo.com,Nathan Clark,
4,whisperofgrace@gmail.com,John-Mark Kane,
4,sungho63@gmail.com,sungho kim,
4,mhavern11@aol.com,Michael Havern,
4,olshen@yahoo.com,Adam Olshen,
4,cribbe@ssi.samsung.com,Carsten Ribbe,
4,rwcjauregui@gmail.com,Hilario Jauregui,
4,cbungarden@aol.com,Jack Bungarden,
4,mcewok@gmail.com,Andy Velasquez,
4,manjingo@gmail.com,Jay Jacinto,
5,lyleong@pacbell.net,Leon Leong,
5,trafalgartony@hotmail.com,Antonino Cacace,
5,dipan.patel@permira.com,Dipan Patel,
5,elashoff@yahoo.com,Michael Elashoff,
5,johngatta@sbcglobal.net,John Gatta,
5,kbadiei@rutan.com,Kaveh Badiei,
5,rpratt@stanfordalumni.org,Bob Pratt,COORD
5,josephneil@gmail.com,Joe Neil,
5,wojtek.sobie@gmail.com,Voitek Sobieszczanski,
5,bors@chemcosystems.com,John Bors,
5,tzeppy@gmail.com,Torsten Zeppenfeld,
5,rpierno@valleywater.org,Roger Pierno,
5,otheil@sfsymphony.org,oliver theil,
5,stuart.reid@sbcglobal.net,Stuart Reid,
5,fischer.josef@gmail.com,Josef Fischer,
5,cornish.daniel@gmail.com,Daniel Cornish,
5,efrengarciacampos@yahoo.com,Efren Garcia-Campos,
5,jesslynnerose@yahoo.com,Melesio Campos,
5,dougcorl@sbcglobal.net,Doug Corl,
6,cdsuchet@comcast.net,christophe suchet,
6,jmolivot@gmail.com,Jean marc Olivot,
6,cpatriaw@gmail.com,carlos patriawan,
6,kelsatmontara@aol.com,Steve Kelsey,
6,srenaker@gmail.com,Steve Renaker,
6,irak7i@gmail.com,irakli iosebashvili,COORD
6,helcio.nobre@gmail.com,Helcio Nobre,
6,rguyon@pacbell.net,Richard Guyon,
6,guibastos@gmail.com,Gui Bastos,
6,marcelo@stanford.edu,Marcelo Clerici-Arias,
6,michael.r.etz@lmco.com,Michael Etz,
6,suthersm@stanford.edu,Scott Sutherland,
6,rickabone@yahoo.com,Frederick Naujoks,
6,trmhabu@earthlink.net,Tom Miller,
6,theglinders@mac.com,Kellen Glinder,
6,hdstudy@aol.com,jurek aleksander,
6,mark.minko@gmail.com,Mark Minkowski,
6,joelmassuda@gmail.com,Joel Massuda,
7,rob@koeten.net,Robert Koeten,
7,fredsmith11460@comcast.net,fred smith,
7,hamid_salehizadeh@yahoo.com,Hamid Salehizadeh,
7,wbmayfield@att.net,william mayfield,COORD
7,chris.middlemass@gmail.com,Chris Middlemass,
7,martin.mcnealis@gmail.com,Martin McNealis,
7,alper@sbcglobal.net,Alper Ilkbahar,
7,hagurcan@comcast.net,Ates Gurcan,
7,edchien@cs.stanford.edu,Edward Chien,
7,leonsu81@yahoo.com,Leon Su,
7,pguzman@seq.org,Pastor  Guzman,
7,leclercs@sbcglobal.net,Walter Norm Leclerc,
7,kim_limbrick@hotmail.com,drew gale,
7,ggsunw@yahoo.com,Gary Gamitian,
7,pastorguzman@msn.com,Rodolfo Medina,
7,yankeeh8er4ever@gmail.com,Earl Grogan,
7,jacerrillo@rebeljedi.com,Armando Cerrillo,
7,matt@papakipos.com,Matthew Papakipos,
8,alex@limberis.net,Alex Limberis,
8,raylin@gmail.com,Ray Lin,
8,apogedik@yahoo.com,Apo Gedik,
8,birolbecan@gmail.com,birol becan,
8,andrew.karam@gmail.com,Andrew Karam,
8,hartb88@yahoo.com,Barry Hart,
8,glenn.scheitrum@varian.com,Glenn Scheitrum,
8,cd2065@gmail.com,Chet Diken,
8,blasnek@yahoo.com,Brent Blasnek,
8,tavrow@comcast.net,Lee Tavrow,COORD
8,keeper0@yahoo.com,Michael Turner,
8,findleyr@sonic.net,Ryan Findley,
8,jtooley@aol.com,Jim Tooley,
8,ziopiero70@yahoo.com,Pierfrancesco Landolfi,
8,patai12@yahoo.com,Malcolm Smith,
8,raypou@gmail.com,Ray Poudrier,
8,jrodriguez73@hotmail.com,Jaime Rodriguez,
8,babar@simpleweblog.com,David Gauthier,
9,narimanshariat@yahoo.com,Nariman Shariat,
9,paul@mathewscarlsen.com,Paul Holzhauser,
9,lmaheras@mwm09.com,Leo Maheras,
9,tmazmudar@gmail.com,Tejas Mazmudar,
9,morten@green-smith.net,Morten Green,COORD
9,shuichiro.oohara@gmail.com,Shuichiro Ohara,
9,srinisan@gmx.com,Srini Sankaran,
9,petekol@aol.com,peter kolotouros,
9,luna_victoria@hotmail.com,Alex Luna-Victoria,
9,slcallejas@gmail.com,sergio callejas,
9,axxelito10@gmail.com,Alejandro callejas,
9,bjenkins1962@att.net,Bob Jenkins,
9,nmaheras@yahoo.com,Nikos Maheras,
9,attrapani@gmail.com,Andrew  Trapani,
9,cfrangos@cbnorcal.com,Chris Frangos,
9,ClassicDJO@yahoo.com,David Ovadia,
9,bob@serenogroup.com,Babak Kamangar,
9,steve_altus@yahoo.com,Steve Altus,
10,son_ho@pacbell.net,Son Ho,
10,scott@lessingfamily.com,Scott Lessing,
10,bradley.w.joe@gmail.com,Bradley Joe,
10,des.baker@sbcglobal.net,Des Baker,
10,mikesawatzky@yahoo.com,mike sawatzky,
10,skhoo368@yahoo.com,Si Yi Khoo,
10,herreropaco@netscape.net,Paco Herrero,
10,caseykoulman@gmail.com,Casey koulman,
10,goldbros@hotmail.com,Hernan Goldsztein,
10,dhkdhkg1@gmail.com,Do Kim,
10,wizardplow@gmail.com,Blake Parkinson,COORD
10,brian.pflueger@gmail.com,Brian Pflueger,
10,the_address@yahoo.com,Patrik Jonsson,
10,zmmwt927@dharcourt.com,Charles d'Harcourt,
10,jlevav@stanford.edu,Jonathan Levav,
10,bentfingers@gmail.com,Luigi Aditiarama,
10,anthonyhc_law@msn.com,Anthony Law,
10,witneyfest@aol.com,Malcolm Fleschner,
11,george@svdirect.com,George Demienne,
11,ranatsch@yahoo.com,Rick Natsch,
11,ken@kmoberg.net,Kenneth Moberg,
11,david.nicoll@aya.yale.edu,David Nicoll,
11,ronnie_farrell@hotmail.com,ronnie farrell,
11,bobmorell@gmail.com,Robert Morell,
11,jlee@cendogroup.com,Jonathan  Lee,
11,davidrod@gmail.com,David Rodnitzky,
11,mzises@me.com,Matthew Zises,
11,fnocedal@yahoo.com,Fernando Nocedal,COORD
11,michael.stewart@stanfordalumni.org,Michael Stewart,
11,sasha.loktev@gmail.com,Alexander Loktev,
11,Justinlw@earthlink.net,Justin Welsh,
11,lhillberg@gmail.com,Loren Hillberg,
11,derekjfarley@gmail.com,Derek Farley,
11,brianpurchia@gmail.com,Brian  Purchia,
11,emrehan_tr@yahoo.com,Emrehan Kirimli,
11,marc.joseph@sbcglobal.net,Marc Joseph,
11,sousax2@yahoo.com,David Sousa,
12,wronsutton@gmail.com,W Ron Sutton,COORD
12,diego.zimet@gmail.com,Diego Zimet,
12,jmaarse@gmail.com,Jan Maarse,
12,tfurlong@granitevc.com,Tom Furlong,
12,jeonghyeon@msn.com,Andrew Choi,
12,gdresden@gmail.com,Graham Dresden,
12,tracy@thonn.com,Tracy Thonn,
12,jboess@comcast.net,John Boessenecker,
12,g_demarest@yahoo.com,George Demarest,
12,twleary@aol.com,Tim Leary,
12,steve@stephenpappas.com,Stephen Pappas,
12,ecthelionv@gmail.com,Nicholas Keehn,
12,kamienpl@gmail.com,Pawel Kaminski,
12,scout7wc@gmail.com,Jon Criswell,
12,utkulaw@yahoo.com,utku yilmaz,
12,raanan.dagan@yahoo.com,Raanan Dagan,
12,Gulliverorama@gmail.com,Gulliver Lavalle,
12,mbfabian@gmail.com,Mike Fabian,
12,Ralphlewisconstruction@gmail.com,Ralph Lewis,
