1,reindall@gmail.com,Marek Mazur,
1,george@svdirect.com,George Demienne,COORD
1,noelpryan@gmail.com,Noel Ryan,
1,hermannvonbertrab@me.com,Hermann von Bertrab,
1,the_address@yahoo.com,Patrik Jonsson,
1,huard@yahoo.com,Paul Huard,
1,jim@scheinman.net,Jim Scheinman,
1,cribbe@ssi.samsung.com,Carsten Ribbe,
1,t.hernoult@comcast.net,Thierry Hernoult,
1,mgmouser@yahoo.com,Mauro Garcia,
1,dima.makovsky@gmail.com,Dmitry Makovsky,
1,opodolyan27@gmail.com,Ollie Podolyan,
1,mlukamina@gmail.com,Branimir Milinkovic,
1,pguzman@seq.org,Pastor  Guzman,
1,pastorguzman@msn.com,Rodolfo Medina,
1,romain.madelaine@stanford.edu,Romain Madelaine,
2,dougcorl@sbcglobal.net,Doug Corl,
2,bentfingers@gmail.com,Luigi Aditiarama,
2,pcjones10@gmail.com,Philip Jones,
2,follmann@gmail.com,Christian Follmann,
2,upawlik@yahoo.com,Udo Pawlik,
2,padillam@yahoo.com,Mark Padilla,
2,fredsmith11460@comcast.net,fred smith,
2,frank@franksplace.net,Frank Stutz,
2,marc.joseph@sbcglobal.net,Marc Joseph,
2,brianpurchia@gmail.com,Brian  Purchia,
2,kbadiei@rutan.com,Kaveh Badiei,COORD
2,wizardplow@gmail.com,Blake Parkinson,
2,Rfarrell@pausd.org,ronnie farrell,
2,anthonyhc_law@msn.com,Anthony Law,
2,scott1337@hotmail.com,Scott Young,
2,kyoungunr@gmail.com,Keith Young,
3,kelsatmontara@aol.com,Steve Kelsey,COORD
3,tshappart@gmail.com,Timothy Shappart,
3,jemlgarona@gmail.com,Juan Garona,
3,andrei@apatent.com,Andrei Popovici,
3,graham.brucek@gmail.com,Bruce Graham,
3,nathan.fitzsimmons@gmail.com,Nathan Fitzsimmons,
3,parkeras@gmail.com,Tony Parker,
3,marco@demiroz.com,marco demiroz,
3,hagurcan@comcast.net,Ates Gurcan,
3,alper@sbcglobal.net,Alper Ilkbahar,
3,mdwheel@mfls.com,Mark Wheeler,
3,ziopiero70@yahoo.com,Pierfrancesco Landolfi,
3,bkelson@manatt.com,Bruce Kelson,
3,zeyarhtet@gmail.com,Zeyar Htet,
3,Garayjose2012@gmail.com,Jose Garay,
3,bpevangelista@gmail.com,Bruno Evangelista,
3,christopher.d.tom@Gmail.com,Chris Tom,
4,aozer@mac.com,Ali Ozer,
4,sasha.loktev@gmail.com,Alexander Loktev,
4,birolbecan@gmail.com,birol becan,
4,sungho63@gmail.com,sungho kim,
4,rguyon@pacbell.net,Richard Guyon,
4,keeper0@yahoo.com,Michael Turner,
4,lglzdgmbln@yahoo.com,Elliot Weil,
4,klotzs@sbcglobal.net,Steven Klotz,
4,eugene.kubovsky@gmail.com,Eugene Kubovsky,COORD
4,bdecrem@gmail.com,bart decrem,
4,glennscheitrum@gmail.com,Glenn Scheitrum,
4,andrew.karam@gmail.com,Andrew Karam,
4,kyle.l.mcmartin@gmail.com,Kyle McMartin,
4,raanan.dagan@yahoo.com,Raanan Dagan,
4,lionel.hartmann@gmail.com,Lionel Hartmann,
4,pdeloulay@gmail.com,Patrick Deloulay,
4,herreropaco@netscape.net,Paco Herrero,
5,lyleong@pacbell.net,Leon Leong,
5,daniel.dumitran@gmail.com,Octavian Dumitran,
5,helcio.nobre@gmail.com,Helcio Nobre,
5,babar@simpleweblog.com,David Gauthier,
5,david@L4Sinc.com,David Langer,COORD
5,jkeenan1000@gmail.com,John Keenan,
5,hetterly@sbcglobal.net,Chris Hetterly,
5,narimanshariat@yahoo.com,Nariman Shariat,
5,guibastos@gmail.com,Gui Bastos,
5,bjenkins1962@att.net,Bob Jenkins,
5,brianrfung@gmail.com,brian fung,
5,fischer.josef@gmail.com,Josef Fischer,
5,leclercs@sbcglobal.net,Walter  Leclerc,
5,cornish.daniel@gmail.com,Daniel Cornish,
5,kim.limbrick@gmail.com,Kim Limbrick,
5,mbgraffeo@gmail.com,Brandon Graffeo,
5,emailstevenkim@gmail.com,Steven Kim,
6,ecthelionv@gmail.com,Nicholas Keehn,
6,son_ho@pacbell.net,Son Ho,COORD
6,paul@mathewscarlsen.com,Paul Holzhauser,
6,abtanz@ucdavis.edu,Aaron Tanz,
6,caseykoulman@gmail.com,Casey koulman,
6,blasnek@yahoo.com,Brent Blasnek,
6,tavrow@comcast.net,Lee Tavrow,
6,skhoo368@yahoo.com,Si Yi Khoo,
6,mschoenen@google.com,Marc Schoenen,
6,xivxix@gmail.com,Bahram Dahi,
6,iandumee@gmail.com,Ian du Mee,
6,ashota@hotmail.com,Ashot Andreasyan,
6,theman6667@yahoo.com,Nathan Clark,
6,mcewok@gmail.com,Andy Velasquez,
6,rob@koeten.net,Robert Koeten,
6,m4gifford@gmail.com,Martin Gifford,
6,edwardk99@gmail.com,Edward Kim,
7,hamidarj@gmail.com,Hamid Arjomand,
7,pastiche3@gmail.com,Daniel Griffin,COORD
7,electricsymphony@hotmail.com,Bryan Eaton,
7,rcardenas12468@gmail.com,Rigoberto Cardenas,
7,rcardenas12468@gmail.com,Ricardo Cardenas,
7,leolaura_2000@yahoo.com,Leo Centeno,
7,antoniohardan@yahoo.com,Antonio Hardan,
7,josephneil@gmail.com,Joe Neil,
7,dstahler@gmail.com,David Stahler,
7,thomas.boyd@gmail.com,Thomas Boyd,
7,lmaheras@maheraswealthmanagement.com,Leo Maheras,
7,raminsaf@gmail.com,Ramin Safaie,
7,christofrangos@gmail.com,Chris Frangos,
7,yazco@yahoo.com,John da Guia,
7,RalphLewisconstruction@gmail.com,Ralph Lewis,
7,Mbfabian@gmail.com,Mike Fabian,
7,nmaheras@yahoo.com,Nikos Maheras,
8,mayer.zimmer@gmail.com,Kevin Mayer,
8,rpratt@stanfordalumni.org,Bob Pratt,COORD
8,jlee@cendogroup.com,Jonathan  Lee,
8,marcboxser@gmail.com,marc boxser,
8,rwcjauregui@gmail.com,Hilario Jauregui,
8,allison@thespeichers.com,tony pereur,
8,edelarocha@gmail.com,Ernesto de la Rocha Gomez,
8,luisverduzco1981@gmail.com,Luis Verduzco,
8,rburgos11@hotmail.com,Raul Burgos,
8,mayer.zimmer@gmail.com,Kevin Mayer,
8,edchien@cs.stanford.edu,Edward Chien,
8,fabunofal@yahoo.com,Fuad Abu Nofal,
8,skratz@gmail.com,Stefan Kratz,
8,13sudipto@gmail.com,Sudipto Aich,
8,mhavern11@aol.com,Michael Havern,
8,daring@yahoo.com,Darrell Ringman,
8,lyntimgarrett@yahoo.com,Tim Garrett,
9,mandahulusi@hotmail.com,Gunes Dervisoglu,
9,emrehan_tr@yahoo.com,Emrehan Kirimli,
9,veozdemir@gmail.com,Veli Ozdemir,
9,tansu.akgun@gmail.com,Osman Akgun,
9,kenheller@msn.com,Kenneth Heller,
9,futbol_sandiego@yahoo.com,Alfredo Ramirez,
9,jigziee@gmail.com,Jigz Mehta,
9,russellkjones@gmail.com,Russell Jones,
9,matt@papakipos.com,Matthew Papakipos,
9,remywilliam@gmail.com,Remy Lamberts,
9,bret@qss.com,Bret Dabel,
9,mtbspam-paasl@yahoo.com,Michael Bruce,
9,fnocedal@yahoo.com,Fernando Nocedal,
9,minomtz@gmail.com,Emiliano Martinez,COORD
9,hkorre@gmail.com,Hasan Korre,
9,jofofc@yahoo.com,Johan Forsman,
9,theglinders@mac.com,Kellen Glinder,
10,anh_dina@att.net,Anh Nguyen,
10,stuart.reid@sbcglobal.net,Stuart Reid,
10,cpatriaw@gmail.com,carlos patriawan,
10,aschenck771@gmail.com,Alan Schenck,
10,rkrolik@sbcglobal.net,Rob Krolik,
10,shuichiro.oohara@gmail.com,Shuichiro Ohara,
10,amaldrete63@gmail.com,andres aldrete,
10,stephen@blueslugs.com,Stephen Hahn,
10,Justinlw@earthlink.net,Justin Welsh,
10,bobmorell@gmail.com,Robert Morell,
10,jmaarse@gmail.com,Jan Maarse,
10,scout7wc@gmail.com,Jon Criswell,
10,scott@lessingfamily.com,Scott Lessing,
10,srinisan@gmx.com,Srini Sankaran,
10,luna_victoria@hotmail.com,Alex Luna-Victoria,COORD
10,luna_victoria@hotmail.com,Estuardo Godoy,
10,austonmartin88@gmail.com,Austin Steacy,
11,texasgh@gmail.com,Guy Hawkins,
11,cdsuchet@comcast.net,christophe suchet,
11,suthersm@stanford.edu,Scott Sutherland,
11,wronsutton@gmail.com,W Ron Sutton,
11,henrycornejo86@gmail.com,Henry Cornejo,
11,samlada@gmail.com,Samuel Lada,
11,tracy@thonn.com,Tracy Thonn,
11,mstewart@polymotec.com,michael stewart,
11,morten@green-smith.net,Morten Green,COORD
11,russ.nord@gmail.com,Russell Nord,
11,alejandro.munoz@gmail.com,Alejandro Munoz,
11,ted.gay@kyderby.com,Ted Gay,
11,mikedrews@sbcglobal.net,Michael Drews,
11,dstrandness@gmail.com,David Strandness,
11,gdresden@gmail.com,Graham Dresden,
11,sudmeh07@gmail.com,Sudhir Mehta,
11,rpierno@valleywater.org,Roger Pierno,
12,raylin@gmail.com,Ray Lin,
12,kamienpl@gmail.com,Pawel Kaminski,
12,gejrodwell@me.com,Graham Rodwell,
12,charliehill00@gmail.com,Charlie Hill,
12,msagoo1980@gmail.com,Man Sagoo,
12,olshen@gmail.com,Adam Olshen,
12,alex@limberis.net,Alex Limberis,
12,brent.seybold@gmail.com,brent seybold,
12,kdyche2@gmail.com,Kevin Dyche,COORD
12,srenaker@gmail.com,Steve Renaker,
12,teddy.cordery@gmail.com,Ted Cordery,
12,tcordery@itkc.com,Ted Cordery,
12,smore54@hotmail.com,Stephen More,
12,kalidip@yahoo.com,Kalidip Choudhury,
12,isoltero007@gmail.com,Junior Soltero,
12,jassko2@gmail.com,Jason Ko,
12,ClassicDJO@yahoo.com,David Ovadia,
