1,loicv@vandereyken.com,Loic Vandereyken,
1,cdsuchet@comcast.net,christophe suchet,
1,lyleong@pacbell.net,Leon Leong,
1,mayer.zimmer@gmail.com,Kevin Mayer,
1,huard@yahoo.com,Paul Huard,COORD
1,guibastos@gmail.com,Gui Bastos,
1,jeffg13@gmail.com,Jeff Greenfield,
1,todd_jin@yahoo.com,Todd Jin,
1,antoniohardan@yahoo.com,Antonio Hardan,
1,davidenemark@gmail.com,David Enemark,
1,hetterly@sbcglobal.net,Chris Hetterly,
1,tom.furlong@gmail.com,Tom Furlong,
1,dm@soletan.com,david maselli,
1,joeniccum@gmail.com,Joe  Niccum,
1,zeyarhtet@gmail.com,Zeyar Htet,
1,avinash.shetty@gmail.com,Avi Shetty,
1,bpevangelista@gmail.com,Bruno Evangelista,
1,jtbrumm@msn.com,Josh Brumm,
2,rpratt@stanfordalumni.org,Bob Pratt,COORD
2,chris@roononline.com,Chris Roon,
2,caseykoulman@gmail.com,Casey koulman,
2,srinisan@gmx.com,Srini Sankaran,
2,olshen@gmail.com,Adam Olshen,
2,romain.madelaine@stanford.edu,Romain Madelaine,
2,timothydgreene@gmail.com,Timothy Greene,
2,mschoenen@google.com,Marc Schoenen,
2,agprycz@gmail.com,Bogdan Ryczkowski,
2,ryczkowskip@gmail.com,Peter Ryczkowski,
2,chivas2000_53@yahoo.com,Eddie Lopez,
2,owaldek@yahoo.com,Waldemar Osinski,
2,marcboxser@gmail.com,marc boxser,
2,matthewt@broadcom.com,Matthew Taylor,
2,adorosti@pausd.org,Arcia  Dorosti,
2,hitesh@hortonworks.com,HITESH SHAH,
2,seth.siddharth@gmail.com,Siddharth Seth,
2,jlee@cendogroup.com,Jonathan  Lee,
3,sungho63@gmail.com,sungho kim,
3,larryblair@gmail.com,Larry Blair,
3,rgblatman@aol.com,robert blatman,
3,florharv@gmail.com,Florin Constantin,
3,fabunofal@yahoo.com,Fuad Abu Nofal,
3,luke.thivierge@mac.com,Luke Thivierge,
3,i.p.fainmesser@gmail.com,Itay Fainmesser,
3,jimmytton@sbcglobal.net,Jimmy Tuan-Lien Ton,
3,taoying_yau@yahoo.com,Tao-ying Yau,
3,manor.tomer@gmail.com,Tomer Manor,
3,leinav@stanford.edu,Liran Einav,
3,darryltlin@gmail.com,Darryl Lin,
3,mhalleck@gmail.com,Michael Halleck,
3,g_demarest@yahoo.com,George Demarest,COORD
3,jesusac00@yahoo.com,Jesus Aragon,
3,kamienpl@gmail.com,Pawel Kaminski,
3,emrehan_tr@yahoo.com,Emrehan Kirimli,
3,hm@mcintyreweb.com,Hugh McIntyre,
3,guy1@miasnik.com,Guy Miasnik,
4,kedia.vikas@gmail.com,Vikas Kedia,
4,darrelldodge@gmail.com,Darrell Dodge,
4,sasha.loktev@gmail.com,Alexander Loktev,
4,yuval.spector@gmail.com,Yuval Spector,
4,13sudipto@gmail.com,Sudipto Aich,
4,skratz@gmail.com,Stefan Kratz,
4,asurdutovich@gmail.com,Anatoly Surdutovich,
4,gdresden@gmail.com,Graham Dresden,
4,cwjohnson64@gmail.com,Chris Johnson,
4,alex@limberis.net,Alex Limberis,
4,eddie_parenti@hotmail.com,Eddie Parenti,
4,cianpkelly@yahoo.com,Cian Kelly,
4,suthersm@stanford.edu,Scott Sutherland,COORD
4,kanietomoharu@gmail.com,Tomoharu Kanie,
4,aschenck771@gmail.com,Alan Schenck,
4,bkelson@manatt.com,Bruce Kelson,
4,mark@lazarfamily.com,Mark Lazar,
4,samlada@gmail.com,Samuel Lada,
