1,ralphbredenberg@comcast.net,Ralph Bredenberg,
1,nearpost@aol.com,Nick Brock,
1,christoph.pojer@gmail.com,Christoph Pojer,
1,lyleong@pacbell.net,Leon Leong,
1,kim.limbrick@gmail.com,Kim Limbrick,
1,chou_a@yahoo.com,Adolfo Chou,
1,rhelft@gmail.com,Ryan Helft,
1,eric.l.hill@gmail.com,Eric Hill,
1,timothymisner@aya.yale.edu,Tmothy Misner,
1,olshen@gmail.com,Adam Olshen,
1,gdresden@gmail.com,Graham Dresden,
1,eddie_parenti@hotmail.com,Eddie Parenti,
1,suthersm@stanford.edu,Scott Sutherland,COORD
1,pbdanzig@gmail.com,Peter Danzig,
1,marc.joseph@sbcglobal.net,Marc Joseph,
1,emrehan_tr@yahoo.com,Emrehan Kirimli,
1,beckaccounts@gmail.com,Justin Beck,
1,dm@soletan.com,david maselli,
2,13sudipto@gmail.com,Sudipto Aich,
2,larryblair@gmail.com,Larry Blair,
2,caseykoulman@gmail.com,Casey koulman,
2,guibastos@gmail.com,Gui Bastos,
2,cdsuchet@comcast.net,christophe suchet,
2,srenaker@gmail.com,Steve Renaker,
2,sungho63@gmail.com,sungho kim,
2, chanman.mike@gmail.com,Mike Chan,
2,graham.brucek@gmail.com,Bruce Graham,
2,mario.trejo@gmail.com,Mario Trejo,
2,gonzito2004@yahoo.com,Ryan Gonzales,COORD
2,jcpaloalto@gmail.com,Jonathan Chen,
2,sasha.loktev@gmail.com,Alexander Loktev,
2,todd_jin@yahoo.com,Todd Jin,
2,tom.furlong@gmail.com,Tom Furlong,
2,luke.thivierge@mac.com,Luke Thivierge,
2,stuart.reid@sbcglobal.net,Stuart Reid,
2,alex@limberis.net,Alex Limberis,
2,michael.stewart@stanfordalumni.org,Michael Stewart,
2,ecthelionv@gmail.com,Nicholas Keehn,
2,amaldrete63@gmail.com,andres aldrete,
3,hartb88@yahoo.com,Barry Hart,
3,dsray1984@gmail.com,David Ray,
3,kalidip@yahoo.com,Kalidip Choudhury,COORD
3,mschoenen@google.com,Marc Schoenen,
3,patrick.metzger@gmail.com,Patrick Metzger,
3,joeniccum@gmail.com,Joe  Niccum,
3,asurdutovich@gmail.com,Anatoly Surdutovich,
3,mbgraffeo@gmail.com,Brandon Graffeo,
3,i.p.fainmesser@gmail.com,Itay Fainmesser,
3,hetterly@sbcglobal.net,Chris Hetterly,
3,bcolchen@hotmail.com,Bruno Colchen,
3,kamienpl@gmail.com,Pawel Kaminski,
3,ccolorad@mail.usf.edu,CAMILO COLORADO,
3,marcelo@stanford.edu,Marcelo Clerici-Arias,
3,robinpeatfield@yahoo.com,Robin Peatfield,
3,lawng47@gmail.com,Lawrence Nguyen,
3,darienrrushi@gmail.com,Darien Rrushi,
3,chadbarbieri@yahoo.com,Chad Barbieri,
4,loicv@vandereyken.com,Loic Vandereyken,
4,jeffg13@gmail.com,Jeff Greenfield,
4,mayer.zimmer@gmail.com,Kevin Mayer,
4,gusmid@hotmail.com,Marcus Middleton,
4,murmann@stanford.edu,Boris Murmann,
4,gsjkbasi@pacbell.net,Guriq Basi,
4,dstahler@gmail.com,David Stahler,
4,fabunofal@yahoo.com,Fuad Abu Nofal,
4,daniel_dumitran@yahoo.com,Marius Dumitran,
4,matthewt@broadcom.com,Matthew Taylor,
4,daniel.dumitran@gmail.com,Octavian Dumitran,
4,jlee@cendogroup.com,Jonathan  Lee,
4,bpevangelista@gmail.com,Bruno Evangelista,
4,zeyarhtet@gmail.com,Zeyar Htet,
4,samlada@gmail.com,Samuel Lada,
4,arman4711@yahoo.com,Arman Khalili,COORD
4,jbpringuey@gmail.com,jean-baptiste pringuey,
