1,sccckim@gmail.com,Daniel Kim,
1,khoubyari@gmail.com,Siamak Khoubyari,
1,tomhan123@yahoo.com,Tom Han,
1,luodale@gmail.com,Jinghu Luo,
1,ggsunw@yahoo.com,Gary Gamitian,
1,kalidip@yahoo.com,Kalidip Choudhury,COORD
1,tzeppy@gmail.com,Torsten Zeppenfeld,
1,jlfuenteso@yahoo.com,Juan Fuentes,
1,chrisdavis1083@gmail.com,Chris Davis,
1,jon.a.golub@gmail.com,Jonathan Golub,
1,jemlgarona@gmail.com,Juan Garona,
1,alanbrush@gmail.com,alan brush,
1,brianrfung@gmail.com,brian fung,
1,scott1337@hotmail.com,Scott Young,
1,kyoungunr@gmail.com,Keith Young,
1,otheil@sfsymphony.org,oliver theil,
1,alansnyder2000@yahoo.com,Alan Snyder,
1,dougcorl@sbcglobal.net,Doug Corl,
2,hermannvonbertrab@me.com,Hermann von Bertrab,
2,mtbspam-paasl@yahoo.com,Michael Bruce,
2,teddy.cordery@gmail.com,Ted Cordery,
2,jlee@cendogroup.com,Jonathan  Lee,
2,hananbeliak@gmail.com,Hanan Beliak,
2,cwaago@hotmail.com,Chris Waago,
2,lyntimgarrett@yahoo.com,Tim Garrett,
2,eric@cgland.net,Eric Anderson,
2,jim@planeshavings.com,Jim Stabile,
2,ns_stabile@hotmail.com,Nick Stabile,
2,awalsh@nvidia.com,Andy Walsh,
2,austonmartin88@gmail.com,Austin Steacy,
2,stuart.reid@sbcglobal.net,Stuart Reid,
2,steve@stephenpappas.com,Stephen Pappas,
2,vhassy@yahoo.com,Y Nguyen,
2,mhavern11@aol.com,Michael Havern,COORD
2,jnldrake@pacbell.net,Joe Drake,
3,shuichiro.oohara@gmail.com,Shuichiro Ohara,
3,srinisan@gmx.com,Srini Sankaran,
3,babar@simpleweblog.com,David Gauthier,
3,eugene.kubovsky@gmail.com,Eugene Kubovsky,
3,stephen@blueslugs.com,Stephen Hahn,
3,theglinders@mac.com,Kellen Glinder,
3,lmaheras@maheraswealthmanagement.com,Leo Maheras,
3,email.paulsantos@gmail.com,Paul Santos,
3,moshegavrielov@gmail.com,Moshe Gavrielov,
3,bret@qss.com,Bret Dabel,
3,cdsuchet@comcast.net,christophe suchet,
3,christofrangos@gmail.com,Chris Frangos,
3,michael.stewart@stanfordalumni.org,Michael Stewart,
3,nmaheras@yahoo.com,Nikos Maheras,
3,jonathan@theknights.ws,Jonathan Knight,
3,luna_victoria@hotmail.com,Alex Luna-Victoria,COORD
3,jtbrumm@msn.com,Josh Brumm,
4,rguyon@pacbell.net,Richard Guyon,
4,cpatriaw@gmail.com,carlos patriawan,
4,nathan.fitzsimmons@gmail.com,Nathan Fitzsimmons,
4,kelsatmontara@aol.com,Steve Kelsey,
4,mdwheel@mfls.com,Mark Wheeler,
4,ClassicDJO@yahoo.com,David Ovadia,
4,caseykoulman@gmail.com,Casey koulman,
4,alejandro.munoz@gmail.com,Alejandro Munoz,
4,tcordery@itkc.com,Ted Cordery,
4,andrew@an3e.org,Andrew Young,
4,attrapani@gmail.com,Andrew  Trapani,
4,olshen@gmail.com,Adam Olshen,
4,datrap03@yahoo.com,Danny  Trapani,
4,mgmouser@yahoo.com,Mauro Garcia,
4,tavrow@comcast.net,Lee Tavrow,
4,blasnek@yahoo.com,Brent Blasnek,COORD
4,antoniohardan@yahoo.com,Antonio Hardan,
4,loach.will@gmail.com,Will Loach,
4,goldbros@hotmail.com,Hernan Goldsztein,
5,honglu.du@gmail.com,Honglu Du,
5,david@L4Sinc.com,David Langer,
5,scott.stimson@gmail.com,Scott Stimson,
5,cfinch@cpp.com,Calvin Finch,COORD
5,bors@chemcosystems.com,John Bors,
5,leo.merken@gmail.com,Leo Merken,
5,the_address@yahoo.com,Patrik Jonsson,
5,leonsu81@yahoo.com,Leon Su,
5,scout7wc@gmail.com,Jon Criswell,
5,jassko2@gmail.com,Jason Ko,
5,michaelleeshan@yahoo.com,Michael Shan,
5,ejensen@cooley.com,Eric Jensen,
5,t.hernoult@comcast.net,Thierry Hernoult,
5,jmaarse@gmail.com,Jan Maarse,
5,matthew.garratt@gmail.com,Matt GARRATT,
5,gbaigorr@yahoo.com,Gonzalo Baigorria,
5,edelrio7@gmail.com,Eduardo del Rio,
6,sungho63@gmail.com,sungho kim,
6,jim@scheinman.net,Jim Scheinman,
6,morten@green-smith.net,Morten Green,COORD
6,huard@yahoo.com,Paul Huard,
6,fredsmith11460@comcast.net,fred smith,
6,narimanshariat@yahoo.com,Nariman Shariat,
6,blueparis@gmail.com,Douglas Boyes,
6,ashota@hotmail.com,Ashot Andreasyan,
6,cribbe@ssi.samsung.com,Carsten Ribbe,
6,russ.nord@gmail.com,Russell Nord,
6,efrengarciacampos@yahoo.com,Efren Garcia-Campos,
6,jesslynnerose@yahoo.com,Melesio Campos,
6,mattddubois@gmail.com,Matt DuBois,
6,stufdptato@hotmail.com,Ismael  Rivera,
6,bhatiap@gmail.com,Pawan Bhatia,
6,mikedrews@sbcglobal.net,Michael Drews,
6,kchong7125@gmail.com,Kevin Chong,
6,yankeeh8er4ever@gmail.com,Earl Grogan,
7,andrei@apatent.com,Andrei Popovici,
7,jamesfelixcook@yahoo.com,James Cook,COORD
7,marco@demiroz.com,marco demiroz,
7,kyle.l.mcmartin@gmail.com,Kyle McMartin,
7,paul@mathewscarlsen.com,Paul Holzhauser,
7,theman6667@yahoo.com,Nathan Clark,
7,rcardenas12468@gmail.com,Ricardo Cardenas,
7,rcardenas12468@gmail.com,Rigoberto Cardenas,
7,bjenkins1962@att.net,Bob Jenkins,
7,leclercs@sbcglobal.net,Walter Norm Leclerc,
7,tim.flagg@gmail.com,Tim Flagg,
7,sasha.loktev@gmail.com,Alexander Loktev,
7,mf_harris@msn.com,Mattice Harris,
7,mcewok@gmail.com,Andy Velasquez,
7,iandumee@gmail.com,Ian du Mee,
7,lglzdgmbln@yahoo.com,Elliot Weil,
7,steve_altus@yahoo.com,Steve Altus,
7,futbol_sandiego@yahoo.com,Alfredo Ramirez,
8,padillam@yahoo.com,Mark Padilla,
8,jkeenan1000@gmail.com,John Keenan,
8,aozer@mac.com,Ali Ozer,
8,russellkjones@gmail.com,Russell Jones,
8,jtmartinez76@hotmail.com,JT Martinez,
8,minomtz@gmail.com,Emiliano Martinez,
8,daniel.dumitran@gmail.com,Octavian Dumitran,
8,daniel_dumitran@yahoo.com,Marius Dumitran,
8,gabe.martinez@gmail.com,Gabriel Martinez,
8,tjgama@att.net,Tom Gama,
8,wbmayfield@att.net,william mayfield,COORD
8,jigziee@gmail.com,Jigz Mehta,
8,thomas.boyd@gmail.com,Thomas Boyd,
8,rob@koeten.net,Robert Koeten,
8,hartb88@yahoo.com,Barry Hart,
8,lsm177@yahoo.com,Larry Yang,
8,sth2424@gmail.com,Sean Holbak,
8,kenheller@msn.com,Kenneth Heller,
9,george@svdirect.com,George Demienne,
9,kim.limbrick@gmail.com,Kim Limbrick,
9,martin.mcnealis@gmail.com,Martin McNealis,
9,murmann@stanford.edu,Boris Murmann,
9,findleyr@sonic.net,Ryan Findley,COORD
9,thedailynathan@gmail.com,Nathan Yan,
9,hdstudy@aol.com,jurek aleksander,
9,keeper0@yahoo.com,Michael Turner,
9,andrew.karam@gmail.com,Andrew Karam,
9,lhillberg@gmail.com,Loren Hillberg,
9,josephneil@gmail.com,Joe Neil,
9,timothymisner@aya.yale.edu,Tmothy Misner,
9,birolbecan@gmail.com,birol becan,
9,hamidarj@gmail.com,Hamid Arjomand,
9,smore54@hotmail.com,Stephen More,
9,bkelson@manatt.com,Bruce Kelson,
9,skratz@gmail.com,Stefan Kratz,
9,bdecrem@gmail.com,bart decrem,
10,guibastos@gmail.com,Gui Bastos,
10,herreropaco@netscape.net,Paco Herrero,
10,skhoo368@yahoo.com,Si Yi Khoo,
10,wronsutton@gmail.com,W Ron Sutton,COORD
10,emrehan_tr@yahoo.com,Emrehan Kirimli,
10,mandahulusi@hotmail.com,Gunes Dervisoglu,
10,helcio.nobre@gmail.com,Helcio Nobre,
10,edchien@cs.stanford.edu,Edward Chien,
10,son_ho@pacbell.net,Son Ho,
10,rpierno@valleywater.org,Roger Pierno,
10,rkrolik@sbcglobal.net,Rob Krolik,
10,Justinlw@earthlink.net,Justin Welsh,
10,guibastos@gmail.com,Gui Bastos,
10,klotzs@sbcglobal.net,Steven Klotz,
10,bobmorell@gmail.com,Robert Morell,
10,cmanton@gmail.com,chris manton,
10,andy@ramanz.com,Andy Ramans,
10,Justinlw@earthlink.net,Justin Welsh,
10,Garayjose2012@gmail.com,Jose Garay,
11,raylin@gmail.com,Ray Lin,
11,jaslaskow@gmail.com,Jason Laskowski,
11,rpratt@stanfordalumni.org,Bob Pratt,COORD
11,kamienpl@gmail.com,Pawel Kaminski,
11,lyleong@pacbell.net,Leon Leong,
11,mzises@me.com,Matthew Zises,
11,nick.enthoven@gmail.com,Nicholas Enthoven,
11,cabezas@stanford.edu,Carlos Cabezas,
11,trafalgartony@hotmail.com,Antonino Cacace,
11,glennscheitrum@gmail.com,Glenn Scheitrum,
11,leolaura_2000@yahoo.com,Leo Centeno,
11,jcpaloalto@gmail.com,Jonathan Chen,
11,raulch21@hotmail.com,Raúl Contreras,
11,anthonyhc_law@msn.com,Anthony Law,
11,witneyfest@aol.com,Malcolm Fleschner,
11,ecthelionv@gmail.com,Nicholas Keehn,
11,psweeney@sonicwall.com,Patrick Sweeney,
11,gejrodwell@me.com,Graham Rodwell,
12,raminsaf@gmail.com,Ramin Safaie,
12,parkeras@gmail.com,Tony Parker,
12,frank@franksplace.net,Frank Stutz,
12,alex@limberis.net,Alex Limberis,
12,fnocedal@yahoo.com,Fernando Nocedal,COORD
12,hamid_salehizadeh@yahoo.com,Hamid Salehizadeh,
12,amaldrete63@gmail.com,andres aldrete,
12,alper@sbcglobal.net,Alper Ilkbahar,
12,hagurcan@comcast.net,Ates Gurcan,
12,opodolyan27@gmail.com,Ollie Podolyan,
12,omar.naggar@gmail.com,Omar Alnaggar,
12,romain.madelaine@stanford.edu,Romain Madelaine,
12,mlukamina@gmail.com,Branimir Milinkovic,
12,bpevangelista@gmail.com,Bruno Evangelista,
12,gulliverorama@gmail.com,Gulliver LaValle,
12,Mbfabian@gmail.com,Mike Fabian,
12,RalphLewisconstruction@gmail.com,Ralph Lewis,
12,ziopiero70@yahoo.com,Pierfrancesco Landolfi,
13,kbadiei@rutan.com,Kaveh Badiei,COORD
13,robert@robertblau.de,Robert Blau,
13,xivxix@gmail.com,Bahram Dahi,
13,marcelo@stanford.edu,Marcelo Clerici-Arias,
13,tshappart@gmail.com,Timothy Shappart,
13,brent.seybold@gmail.com,brent seybold,
13,manjingo@gmail.com,Jay Jacinto,
13,des.baker@sbcglobal.net,Des Baker,
13,kdyche2@gmail.com,Kevin Dyche,
13,viedcote@gmail.com,Victor Coronado,
13,rwcjauregui@gmail.com,Hilario Jauregui,
13,marc.joseph@sbcglobal.net,Marc Joseph,
13,brianpurchia@gmail.com,Brian  Purchia,
13,fabunofal@yahoo.com,Fuad Abu Nofal,
13,roshan@alum.mit.edu,Roshan Baliga,
13,rgblatman@aol.com,robert blatman,
13,john.y.carlstrom@gmail.com,John Carlstrom,
14,aschenck771@gmail.com,Alan Schenck,
14,nejat_kamaci@yahoo.com,Nejat Kamaci,
14,gdresden@gmail.com,Graham Dresden,
14,hetterly@sbcglobal.net,Chris Hetterly,
14,tracy@thonn.com,Tracy Thonn,
14,mschoenen@google.com,Marc Schoenen,
14,graham.brucek@gmail.com,Bruce Graham,
14,suthersm@stanford.edu,Scott Sutherland,COORD
14,mbgraffeo@gmail.com,Brandon Graffeo,
14,pguzman@seq.org,Pastor  Guzman,
14,jtooley@aol.com,Jim Tooley,
14,samlada@gmail.com,Samuel Lada,
14,dm@soletan.com,david maselli,
14,danklai@hotmail.com,Daniel Lai,
14,nbondre@ucla.edu,Neil Bondre,
14,jboess@comcast.net,John Boessenecker,
14,wizardplow@gmail.com,Blake Parkinson,
14,marcboxser@gmail.com,marc boxser,
