1,matt@papakipos.com,Matthew Papakipos,
1,jim@scheinman.net,Jim Scheinman,
1,skratz@gmail.com,Stefan Kratz,
1,eric.l.hill@gmail.com,Eric Hill,
1,hetterly@sbcglobal.net,Chris Hetterly,
1,timothymisner@aya.yale.edu,Tmothy Misner,
1,caseykoulman@gmail.com,Casey koulman,
1,mbgraffeo@gmail.com,Brandon Graffeo,
1,eddie_parenti@hotmail.com,Eddie Parenti,
1,suthersm@stanford.edu,Scott Sutherland,COORD
1,xavier7007@gmail.com,Francis Rangel,
1,illberiteback@hotmail.com,Philip Quitoriano,
1,aschenck771@gmail.com,Alan Schenck,
1,andy@chmyz.com,Andrew Chmyz,
1,wjames@ip-patent.com,William James,
1,wen@wendavis.com,Wendell Davis,
1,zeyarhtet@gmail.com,Zeyar Htet,
1,bpevangelista@gmail.com,Bruno Evangelista,
1,christopher.d.tom@gmail.com,Chris Tom,
1,peter_a_brown@yahoo.com,Peter Brown,
2,jigziee@gmail.com,Jigz Mehta,
2,sungho63@gmail.com,sungho kim,
2,antoniohardan@yahoo.com,Antonio Hardan,
2,hartb88@yahoo.com,Barry Hart,
2,joeniccum@gmail.com,Joe  Niccum,
2,carsondorme@gmail.com,Carson Orme,
2,bradshaw.bryan@gmail.com,Bryan  Bradshaw,
2,larryblair@gmail.com,Larry Blair,
2,juyongdo@gmail.com,Juyong Do,
2,bdance@gmail.com,Brent Dance,
2,jlee@cendogroup.com,Jonathan  Lee,
2,pbdanzig@gmail.com,Peter Danzig,
2,bciastko@hotmail.com,Bartlomiej Ciastkowski,
2,johnbrunello@yahoo.com,John Brunello,
2,mitya22@gmail.com,Dmytro Reznikov,
2,Justinlw@earthlink.net,Justin Welsh,
2,briansnethen@gmail.com,Brian Snethen,
2,kamienpl@gmail.com,Pawel Kaminski,
2,manjingo@gmail.com,Jay Jacinto,COORD
2,RalphLewisconstruction@gmail.com,Ralph Lewis,
3,lyleong@pacbell.net,Leon Leong,COORD
3,slee@stern.nyu.edu,Samuel Lee,
3,olshen@gmail.com,Adam Olshen,
3,cdsuchet@comcast.net,christophe suchet,
3,sasha.loktev@gmail.com,Alexander Loktev,
3,samlada@gmail.com,Samuel Lada,
3,gdresden@gmail.com,Graham Dresden,
3,christoph.pojer@gmail.com,Christoph Pojer,
3,rgblatman@aol.com,robert blatman,
3,mpzucca@gmail.com,Matthew Zucca,
3,fabunofal@yahoo.com,Fuad Abu Nofal,
3,ralph@coastalcircuits.com,Ralph Richart,
3,hagurcan@comcast.net,Ates Gurcan,
3,Garayjose2012@gmail.com,Jose Garay,
3,marc.joseph@sbcglobal.net,Marc Joseph,
3,alper@sbcglobal.net,Alper Ilkbahar,
3,nickg414@yahoo.com,Nick Gomes,
3,chadbarbieri@yahoo.com,Chad Barbieri,
3,nigel.harney@ericsson.com,Nigel Harney,
3,herreropaco@netscape.net,Paco Herrero,
4,paaslac@gildorlin.com,Yu-Wei Lin,
4,rpratt@stanfordalumni.org,Bob Pratt,COORD
4,loicv@vandereyken.com,Loic Vandereyken,
4,asurdutovich@gmail.com,Anatoly Surdutovich,
4,chris@roononline.com,Chris Roon,
4,dominique.lahaix@ecairn.com,Dominique Lahaix,
4,paasl.org@moduda.fastmail.us,yoon kim,
4,tom.furlong@gmail.com,Tom Furlong,
4,mayer.zimmer@gmail.com,Kevin Mayer,
4,amventura@gmail.com,Anthony Ventura,
4,enrique.oti@gmail.com,Enrique Oti,
4,kalidip@yahoo.com,Kalidip Choudhury,
4,adorosti@pausd.org,Arcia  Dorosti,
4,doug.morss@gmail.com,Douglas Morss,
4,francois.p.hamon@gmail.com,Francois Hamon,
4,heydrew@yahoo.com,Andrew Heymann,
4,nbondre@ucla.edu,Neil Bondre,
4,kaycebasques@gmail.com,Kayce Basques,
4,christofrangos@gmail.com,Chris Frangos,
4,jeffg13@gmail.com,Jeff Greenfield,
