1,nomikhan13@yahoo.com,Nomi khan,
1,13sudipto@gmail.com,Sudipto Aich,
1,sungho63@gmail.com,sungho kim,
1,kim.limbrick@gmail.com,Kim Limbrick,
1,skratz@gmail.com,Stefan Kratz,
1,fabunofal@yahoo.com,Fuad Abu Nofal,
1,juyongdo@gmail.com,Juyong Do,
1,loicv@vandereyken.com,Loic Vandereyken,
1,eric.l.hill@gmail.com,Eric Hill,
1,larryblair@gmail.com,Larry Blair,
1,jeffg13@gmail.com,Jeff Greenfield,
1,tom.furlong@gmail.com,Tom Furlong,
1,eugene.kubovsky@gmail.com,Eugene Kubovsky,COORD
1,suthersm@stanford.edu,Scott Sutherland,
1,eddie_parenti@hotmail.com,Eddie Parenti,
1,heydrew@yahoo.com,Andrew Heymann,
1,antcerva@yahoo.com,Anthony Cervantes,
1,Garayjose2012@gmail.com,Jose Garay,
1,niladri.c@gmail.com,Niladri Chattopadhyay,
1,hetterly@sbcglobal.net,Chris Hetterly,
2,hartb88@yahoo.com,Barry Hart,
2,alibehbin@yahoo.com,Ali  Behbin,
2,jimmytton@sbcglobal.net,Jimmy Tuan-Lien Ton,
2,chou_a@yahoo.com,Adolfo Chou,
2,nick.cordella@gmail.com,Nicholas Cordella,
2,mschoenen@google.com,Marc Schoenen,
2,jim@scheinman.net,Jim Scheinman,
2,ben.duff@gmail.com,Ben Duffy,
2,carsondorme@gmail.com,Carson Orme,
2,joeniccum@gmail.com,Joe  Niccum,COORD
2,alex@limberis.net,Alex Limberis,
2,jlee@cendogroup.com,Jonathan  Lee,
2,chad.barbieri@wellsfargo.com,Chad Barbieri,
2,bdance@gmail.com,Brent Dance,
2,amaldrete63@gmail.com,andres aldrete,
2,brettmcdonald22@gmail.com,Brett McDonald,
2,mail2wj@yahoo.com,William James,
2,mitya22@gmail.com,Dmytro Reznikov,
2,kamienpl@gmail.com,Pawel Kaminski,
2,jprodigy3@gmail.com,Johnny Randle,
3,christoph.pojer@gmail.com,Christoph Pojer,
3,kalidip@yahoo.com,Kalidip Choudhury,
3,antoniohardan@yahoo.com,Antonio Hardan,
3,sasha.loktev@gmail.com,Alexander Loktev,
3,samlada@gmail.com,Samuel Lada,
3,cdsuchet@comcast.net,christophe suchet,
3,gdresden@gmail.com,Graham Dresden,
3,rgblatman@aol.com,robert blatman,
3,dsray1984@gmail.com,David Ray,
3,caseykoulman@gmail.com,Casey koulman,
3,stuart.reid@sbcglobal.net,Stuart Reid,
3,kanietomoharu@gmail.com,Tomoharu Kanie,
3,aschenck771@gmail.com,Alan Schenck,
3,alper@sbcglobal.net,Alper Ilkbahar,
3,andy@chmyz.com,Andrew Chmyz,
3,hagurcan@comcast.net,Ates Gurcan,
3,chas_bickar@hotmail.com,John Bickar,
3,reindall@gmail.com,Marek Mazur,
3,javier.r.bustamante@gmail.com,Javier Bustamante,
3,olshen@gmail.com,Adam Olshen,COORD
3,marcboxser@gmail.com,marc boxser,
4,lyleong@pacbell.net,Leon Leong,
4,rpratt@stanfordalumni.org,Bob Pratt,COORD
4,jigziee@gmail.com,Jigz Mehta,
4,asurdutovich@gmail.com,Anatoly Surdutovich,
4,huard@yahoo.com,Paul Huard,
4,ralph@coastalcircuits.com,Ralph Richart,
4,emrehan_tr@yahoo.com,Emrehan Kirimli,
4,ronmcalhoun@yahoo.com,Ron Calhoun,
4,keremtutuncu@gmail.com,Kerem Tutuncu,
4,onurforu@yahoo.com,onur toprak,
4,doug.morss@gmail.com,Douglas Morss,
4,christofrangos@gmail.com,Chris Frangos,
4,ecthelionv@gmail.com,Nicholas Keehn,
4,r.escobedo@comcast.net,Robert Escobedo,
4,tansu.akgun@gmail.com,Osman Akgun,
4,luckydoug@gmail.com,Doug Laporte,
4,manjingo@gmail.com,Jay Jacinto,
4,Justinlw@earthlink.net,Justin Welsh,
4,RalphLewisconstruction@gmail.com,Ralph Lewis,
4,bciastko@hotmail.com,Bartlomiej Ciastkowski,
