1,hartb88@yahoo.com,Barry Hart,COORD
1,tao_du@yahoo.com,Tao Du,
1,mcolussi@gmail.com,Michael Colussi,
1,siddhartha.oza@gmail.com,Siddhartha Oza,
1,olshen@gmail.com,Adam Olshen,
1,asurdutovich@gmail.com,Anatoly Surdutovich,
1,twinoza@gmail.com,Nick Oza,
1,RalphLewisconstruction@gmail.com,Ralph Lewis,
1,jlee@cendogroup.com,Jonathan  Lee,
1,michael.stewart@stanfordalumni.org,Michael Stewart,
1,aschenck771@gmail.com,Alan Schenck,
1,johnbrunello@yahoo.com,John Brunello,
1,tarun.c.narayan@gmail.com,Tarun Narayan,
1,arnar@arnar.net,Arnar Agustsson,
1,bciastko@hotmail.com,Bartlomiej Ciastkowski,
1,brian_y_wong@yahoo.com,Brian Wong,
1,mitya22@gmail.com,Dmytro Reznikov,
1,wjames@ip-patent.com,William James,
1,manjingo@gmail.com,Jay Jacinto,
1,fabunofal@yahoo.com,Fuad Abu Nofal,
2,sasha.loktev@gmail.com,Alexander Loktev,
2,christoph.pojer@gmail.com,Christoph Pojer,
2,juyongdo@gmail.com,Juyong Do,
2,joeniccum@gmail.com,Joe  Niccum,COORD
2,mayer.zimmer@gmail.com,Kevin Mayer,
2,skratz@gmail.com,Stefan Kratz,
2,jamesyeatesfowler@gmail.com,James Fowler,
2,gdresden@gmail.com,Graham Dresden,
2,jeffg13@gmail.com,Jeff Greenfield,
2,loicv@vandereyken.com,Loic Vandereyken,
2,sungho63@gmail.com,sungho kim,
2,nomikhan13@yahoo.com,Nomi khan,
2,madsina@mac.com,Sina Madahamiri,
2,mhalleck@gmail.com,Michael Halleck,
2,jimmytton@sbcglobal.net,Jimmy Tuan-Lien Ton,
2,haroldgutmann@gmail.com,Harold Gutmann,
2,kbadiei@rutan.com,Kaveh Badiei,
2,eddie_parenti@hotmail.com,Eddie Parenti,
2,christofrangos@gmail.com,Chris Frangos,
2,jamesmuscarella@gmail.com,James Muscarella ,
3,antoniohardan@yahoo.com,Antonio Hardan,
3,lyleong@pacbell.net,Leon Leong,
3,cdsuchet@comcast.net,christophe suchet,COORD
3,larryblair@gmail.com,Larry Blair,
3,paasl.org@moduda.fastmail.us,yoon kim,
3,kkooner@cisco.com,Kully Kooner,
3,eelnivek@gmail.com,Kevin Lee,
3,slee@stern.nyu.edu,Samuel Lee,
3,mbgraffeo@gmail.com,Brandon Graffeo,
3,samlada@gmail.com,Samuel Lada,
3,ecthelionv@gmail.com,Nicholas Keehn,
3,ralph@coastalcircuits.com,Ralph Richart,
3,chadbarbieri@yahoo.com,Chad Barbieri,
3,conor.heneghan@gmail.com,Conor Heneghan,
3,mperczyn@gene.com,Matthias Perczynski,
3,nickg414@yahoo.com,Nick Gomes,
3,adrianbusta07@gmail.com,Adrian Bustamante,
3,hetterly@sbcglobal.net,Chris Hetterly,
3,mota15408@gmail.com,Carlos Mota,
3,amaldrete63@gmail.com,andres aldrete,
3,mtbspam-paasl@yahoo.com,Michael Bruce,
4,jonathan.allan@me.com,Jonathan Allan,
4,huard@yahoo.com,Paul Huard,
4,rpratt@stanfordalumni.org,Bob Pratt,COORD
4,chris@roononline.com,Chris Roon,
4,caseykoulman@gmail.com,Casey koulman,
4,acbradshaw005@gmail.com,Andrew Bradshaw,
4,cwjohnson64@gmail.com,Chris Johnson,
4,cribbe@ssi.samsung.com,Carsten Ribbe,
4,sarah.kummerfeld@gmail.com,MATTHEW PELLOW,
4,briansnethen@gmail.com,Brian Snethen,
4,jbpringuey@gmail.com,jean-baptiste pringuey,
4,marc.joseph@sbcglobal.net,Marc Joseph,
4,bpevangelista@gmail.com,Bruno Evangelista,
4,jmhorn@gmail.com,James Horn,
4,christopher.d.tom@gmail.com,Chris Tom,
4,theglinders@mac.com,Kellen Glinder,
4,kamienpl@gmail.com,Pawel Kaminski,
4,zeyarhtet@gmail.com,Zeyar Htet,
4,andy@chmyz.com,Andrew Chmyz,
4,david@geefamily.com,David Gee,
