1,aozer@mac.com,Ali Ozer,
1,george@svdirect.com,George Demienne,
1,kalidip@yahoo.com,Kalidip Choudhury,
1,nbondre@ucla.edu,Neil Bondre,
1,wbmayfield@att.net,william mayfield,COORD
1,bdecrem@gmail.com,bart decrem,
1,ryanleary2@gmail.com,Ryan Leary,
1,twlysh@gmail.com,Tim Leary,
1,jcramirez.scu@gmail.com,Juan Ramirez,
1,keeper0@yahoo.com,Michael Turner,
1,Xaviercombine360@yahoo.com,Xavier Parra,
1,lionel.hartmann@gmail.com,Lionel Hartmann,
1,roshan@alum.mit.edu,Roshan Baliga,
1,leclercs@sbcglobal.net,Walter  Leclerc,
1,13sudipto@gmail.com,Sudipto Aich,
1,raanan.dagan@yahoo.com,Raanan Dagan,
1,pdeloulay@gmail.com,Patrick Deloulay,
1,raminsaf@gmail.com,Ramin Safaie,
1,edchien@cs.stanford.edu,Edward Chien,
2,brianpurchia@gmail.com,Brian  Purchia,
2,marc.joseph@sbcglobal.net,Marc Joseph,
2,hermannvonbertrab@me.com,Hermann von Bertrab,
2,seandemoss@yahoo.com,Sean Demoss,
2,drew@drewmaran.com,Drew Maran,
2,tim.flagg@gmail.com,Tim Flagg,
2,tcordery@itkc.com,Ted Cordery,COORD
2,martin.mcnealis@gmail.com,Martin McNealis,
2,wizardplow@gmail.com,Blake Parkinson,
2,bentfingers@gmail.com,Luigi Aditiarama,
2,teddy.cordery@gmail.com,Teddy Cordery,
2,sth2424@gmail.com,Sean Holbak,
2,junsan.chang@gmail.com,Junsan Chang ,
2,mhavern11@aol.com,Michael Havern,
2,rwcjauregui@gmail.com,Hilario Jauregui,
2,vladlen_kozlov@hotmail.com,Vlad Kozlov,
2,rob@koeten.net,Robert Koeten,
2,kim.limbrick@gmail.com,Kim Limbrick,
2,john.y.carlstrom@gmail.com,John Carlstrom,
3,raylin@gmail.com,Ray Lin,
3,ptanaka@stanford.edu,Pedro Tanaka,
3,nick.enthoven@gmail.com,Nicholas Enthoven,
3,khoubyari@gmail.com,Siamak Khoubyari,
3,antoniohardan@yahoo.com,Antonio Hardan,
3,hagurcan@comcast.net,Ates Gurcan,
3,trmhabu@earthlink.net,Tom Miller,
3,gejrodwell@me.com,Graham Rodwell,
3,omar.naggar@gmail.com,Omar Alnaggar,
3,alper@sbcglobal.net,Alper Ilkbahar,
3,amaldrete63@gmail.com,andres aldrete,
3,cdsuchet@comcast.net,christophe suchet,
3,samlada@gmail.com,Samuel Lada,COORD
3,jaslaskow@gmail.com,Jason Laskowski,
3,suthersm@stanford.edu,Scott Sutherland,
3,gdresden@gmail.com,Graham Dresden,
3,jameswilsterman@gmail.com,James Wilsterman,
3,Garayjose2012@gmail.com,Jose Garay,
4,lyleong@pacbell.net,Leon Leong,COORD
4,hartb88@yahoo.com,Barry Hart,
4,russellkjones@gmail.com,Russell Jones,
4,bret@qss.com,Bret Dabel,
4,jeff@applitech.com,Jeff Harrison,
4,mazjam2@gmail.com,Maz Jamasbi,
4,Rfarrell@pausd.org,ronnie farrell,
4,ashota@hotmail.com,Ashot Andreasyan,
4,bhatiap@gmail.com,Pawan Bhatia,
4,luisverduzco1981@gmail.com,Luis Verduzco,
4,smore54@hotmail.com,Stephen More,
4,sungho63@gmail.com,sungho kim,
4,stuart.reid@sbcglobal.net,Stuart Reid,
4,romain.madelaine@stanford.edu,Romain Madelaine,
4,mlukamina@gmail.com,Branimir Milinkovic,
4,asherj.kohn@gmail.com,Asher Kohn,
4,flandava42@gmail.com,Fred Landavazo,
4,austonmartin88@gmail.com,Austin Steacy,
4,opodolyan27@gmail.com,Ollie Podolyan,
5,pedrinhotanaka@hotmail.com,Pedro Tanaka,
5,srinisan@gmx.com,Srini Sankaran,
5,paasl.org@moduda.fastmail.us,yoon kim,
5,datrap03@yahoo.com,Danny  Trapani,
5,ClassicDJO@yahoo.com,David Ovadia,
5,tracy@thonn.com,Tracy Thonn,
5,scott@lessingfamily.com,Scott Lessing,
5,theman6667@yahoo.com,Nathan Clark,
5,mkash23@aol.com,Michael Kash,
5,mcewok@gmail.com,Andy Velasquez,
5,josephneil@gmail.com,Joe Neil,
5,iandumee@gmail.com,Ian du Mee,
5,olshen@gmail.com,Adam Olshen,COORD
5,matt@papakipos.com,Matthew Papakipos,
5,kdyche2@gmail.com,Kevin Dyche,
5,bjenkins1962@att.net,Bob Jenkins,
5,brent.seybold@gmail.com,brent seybold,
5,mgmouser@yahoo.com,Mauro Garcia,
5,gabriel.dominguez@gmail.com,Gabriel Dominguez,
6,parkeras@gmail.com,Tony Parker,
6,jlee@cendogroup.com,Jonathan  Lee,
6,kamienpl@gmail.com,Pawel Kaminski,
6,padillam@yahoo.com,Mark Padilla,
6,shuichiro.oohara@gmail.com,Shuichiro Ohara,
6,stephen@blueslugs.com,Stephen Hahn,
6,Justinlw@earthlink.net,Justin Welsh,
6,mayer.zimmer@gmail.com,Kevin Mayer,
6,kentperkocha@yahoo.com,Kent Perkocha,
6,andrew.karam@gmail.com,Andrew Karam,
6,alejandro.munoz@gmail.com,Alejandro Munoz,
6,jofofc@yahoo.com,Johan Forsman,
6,dstrandness@gmail.com,David Strandness,
6,cpatriaw@gmail.com,carlos patriawan,
6,jboess@comcast.net,John Boessenecker,
6,hara.nathan@gmail.com,Nathan Hara,
6,luna_victoria@hotmail.com,Estuardo Godoy,
6,luna_victoria@hotmail.com,Alex Luna-Victoria,COORD
7,tzeppy@gmail.com,Torsten Zeppenfeld,
7,daniel.dumitran@gmail.com,Octavian Dumitran,
7,andrei@apatent.com,Andrei Popovici,
7,helcio.nobre@gmail.com,Helcio Nobre,
7,graham.brucek@gmail.com,Bruce Graham,
7,babar@simpleweblog.com,David Gauthier,
7,hamid_salehizadeh@yahoo.com,Hamid Salehizadeh,
7,nrwyqf@gmail.com,Nick Wilson,
7,paul@mathewscarlsen.com,Paul Holzhauser,
7,guibastos@gmail.com,Gui Bastos,
7,msagoo1980@gmail.com,Man Sagoo,
7,otheil@sfsymphony.org,oliver theil,
7,fabunofal@yahoo.com,Fuad Abu Nofal,
7,jamesmuscarella@gmail.com,James Muscarella ,
7,ngiaccia@yahoo.com,Nicholas Giaccia,
7,linares123abc@yahoo.com,Charles Linares,
7,rpratt@stanfordalumni.org,Bob Pratt,COORD
7,steve_altus@yahoo.com,Steve Altus,
8,willsalzman@gmail.com,William Salzman,
8,frank@franksplace.net,Frank Stutz,
8,leo.merken@gmail.com,Leo Merken,COORD
8,aschenck771@gmail.com,Alan Schenck,
8,fnocedal@yahoo.com,Fernando Nocedal,
8,lmaheras@maheraswealthmanagement.com,Leo Maheras,
8,mzises@me.com,Matthew Zises,
8,lyntimgarrett@yahoo.com,Tim Garrett,
8,jklang77@gmail.com,Jamison Klang,
8,leolaura_2000@yahoo.com,Leo Centeno,
8,eric@cgland.net,Eric Anderson,
8,edwardk99@gmail.com,Edward Kim,
8,dougcorl@sbcglobal.net,Doug Corl,
8,nmaheras@yahoo.com,Nikos Maheras,
8,kyoungunr@gmail.com,Keith Young,
8,scott1337@hotmail.com,Scott Young,
8,99.dhruv@gmail.com,Dhruv Naithani,
8,christofrangos@gmail.com,Chris Frangos,
9,xivxix@gmail.com,Bahram Dahi,
9,plchu@yahoo.com,Paul Chu,
9,eugene.kubovsky@gmail.com,Eugene Kubovsky,COORD
9,caseykoulman@gmail.com,Casey koulman,
9,jasonmothersill@gmail.com,Jason Mothersill,
9,mike.hamblin@gmail.com,Mike Hamblin,
9,milan.shah08@gmail.com,Milan Shah,
9,andrew.grosshans@gmail.com,Andrew Grosshans,
9,electricsymphony@hotmail.com,Bryan Eaton,
9,blasnek@yahoo.com,Brent Blasnek,
9,tavrow@comcast.net,Lee Tavrow,
9,witneyfest@aol.com,Malcolm Fleschner,
9,mbfabian@gmail.com,mike fabian,
9,RalphLewisconstruction@gmail.com,Ralph Lewis,
9,blueparis@gmail.com,Douglas Boyes,
9,dralizadeh_2@hotmail.com,Ali Zadeh,
9,stevekhachi@gmail.com,Steve Khachi,
9,bkelson@manatt.com,Bruce Kelson,
9,andrew@an3e.org,Andrew Young,
10,alex.thomas360@gmail.com,Alex Thomas,
10,jimusan@gmail.com,Jim Ryan,
10,viedcote@gmail.com,Victor Coronado,
10,russ.nord@gmail.com,Russell Nord,
10,son_ho@pacbell.net,Son Ho,COORD
10,morten@green-smith.net,Morten Green,
10,kenheller@msn.com,Kenneth Heller,
10,teknotikal@gmail.com,Hikmat Assi,
10,futbol_sandiego@yahoo.com,Alfredo Ramirez,
10,mikedrews@sbcglobal.net,Michael Drews,
10,allison@thespeichers.com,tony pereur,
10,anthonyhc_law@msn.com,Anthony Law,
10,victorngo85@yahoo.com,victor ngo,
10,glennscheitrum@gmail.com,Glenn Scheitrum,
10,jeg1308@gmail.com,Ted Gay,
10,yankeeh8er4ever@gmail.com,Earl Grogan,
10,theglinders@mac.com,Kellen Glinder,
10,bpevangelista@gmail.com,Bruno Evangelista,
10,zeyarhtet@gmail.com,Zeyar Htet,
11,marcboxser@gmail.com,marc boxser,
11,marco@demiroz.com,marco demiroz,
11,des.baker@sbcglobal.net,Des Baker,
11,huard@yahoo.com,Paul Huard,
11,ecthelionv@gmail.com,Nicholas Keehn,
11,rkrolik@sbcglobal.net,Rob Krolik,
11,familyklem@gmail.com,Johannes Klem,
11,cribbe@ssi.samsung.com,Carsten Ribbe,
11,pguzman@seq.org,Pastor  Guzman,
11,rcardenas12468@gmail.com,Rigoberto Cardenas,
11,pastorguzman@msn.com,Rodolfo Medina,
11,minomtz@gmail.com,Emiliano Martinez,
11,ctdoeden@umich.edu,Craig Doeden,COORD
11,marcboxser@gmail.com,marc boxser,
11,edelrio7@gmail.com,Eduardo del Rio,
11,jmaarse@gmail.com,Jan Maarse,
11,scout7wc@gmail.com,Jon Criswell,
11,gabe.martinez@gmail.com,Gabriel Martinez,
11,narimanshariat@yahoo.com,Nariman Shariat,
11,jkeenan1000@gmail.com,John Keenan,
12,rgblatman@aol.com,robert blatman,
12,RemyMalan@aol.com,Remy Malan,
12,hetterly@sbcglobal.net,Chris Hetterly,
12,bobmorell@gmail.com,Robert Morell,
12,nathan.fitzsimmons@gmail.com,Nathan Fitzsimmons,
12,mdwheel@mfls.com,Mark Wheeler,
12,herreropaco@netscape.net,Paco Herrero,
12,avinash.shetty@gmail.com,Avi Shetty,
12,rpierno@valleywater.org,Roger Pierno,
12,t.hernoult@comcast.net,Thierry Hernoult,
12,awalsh@nvidia.com,Andy Walsh,
12,ns_stabile@hotmail.com,Nick Stabile,
12,jim@planeshavings.com,Jim Stabile,
12,mbgraffeo@gmail.com,Brandon Graffeo,
12,raulch21@hotmail.com,Raul Contreras,
12,bamonjaras@hotmail.com,Mario Contreras,
12,amanuel7@yahoo.com,Manuel Granados,
12,mtmaloney75@gmail.com,Michael Maloney,COORD
12,kbadiei@rutan.com,Kaveh Badiei,
13,manjingo@gmail.com,Jay Jacinto,
13,vhassy@yahoo.com,Y Nguyen,
13,rguyon@pacbell.net,Richard Guyon,
13,mtbspam-paasl@yahoo.com,Michael Bruce,
13,tshappart@gmail.com,Timothy Shappart,
13,fredsmith11460@comcast.net,fred smith,
13,leonsu81@yahoo.com,Leon Su,
13,cfinch@cpp.com,Calvin Finch,
13,hamidarj@gmail.com,Hamid Arjomand,
13,david@L4Sinc.com,David Langer,COORD
13,mstewart@polymotec.com,michael stewart,
13,ejensen@cooley.com,Eric Jensen,
13,david@geefamily.com,David Gee,
13,manit.limlamai+paasl@gmail.com,Manit Limlamai,
13,skratz@gmail.com,Stefan Kratz,
13,liquiddag@gmail.com,Brian D'Agostino,
13,thec.chambers@gmail.com,Chris Chambers,
13,kchong7125@gmail.com,Kevin Chong,
13,stufdptato@hotmail.com,Ismael  Rivera,
14,edlechner@gmail.com,Edward Lechner,
14,jigziee@gmail.com,Jigz Mehta,
14,murmann@stanford.edu,Boris Murmann,
14,emrehan_tr@yahoo.com,Emrehan Kirimli,
14,carl@carlandmel.com,Carl Harris,
14,noelpryan@gmail.com,Noel Ryan,
14,mandahulusi@hotmail.com,Gunes Dervisoglu,
14,jim@scheinman.net,Jim Scheinman,
14,veozdemir@gmail.com,Veli Ozdemir,
14,hkorre@gmail.com,Hasan Korre,
14,jemlgarona@gmail.com,Juan Garona,
14,lsm177@yahoo.com,Larry Yang,
14,the_address@yahoo.com,Patrik Jonsson,
14,alanbrush@gmail.com,alan brush,
14,jlfuenteso@yahoo.com,Juan Fuentes,
14,insanemic@hotmail.com,Ivan Hernandez,
14,jtooley@aol.com,Jim Tooley,
14,mrfranciscoduran@gmail.com,francisco duran,
14,thomas.boyd@gmail.com,Thomas Boyd,COORD
