1,cdsuchet@comcast.net,christophe suchet,
1,samlada@gmail.com,Samuel Lada,
1,mbgraffeo@gmail.com,Brandon Graffeo,
1,christoph.pojer@gmail.com,Christoph Pojer,
1,hetterly@sbcglobal.net,Chris Hetterly,
1,chou_a@yahoo.com,Adolfo Chou,
1,olshen@gmail.com,Adam Olshen,COORD
1,scasebiz@gmail.com,Stephen Casale,
1,asurdutovich@gmail.com,Anatoly Surdutovich,
1,enrique.oti@gmail.com,Enrique Oti,
1,aschenck771@gmail.com,Alan Schenck,
1,hagurcan@comcast.net,Ates Gurcan,
1,christofrangos@gmail.com,Chris Frangos,
1,alper@sbcglobal.net,Alper Ilkbahar,
1,wjames@ip-patent.com,William James,
1,franck.munch.fr@gmail.com,Franck Munch,
1,darrelldodge@gmail.com,Darrell Dodge,
1,gdresden@gmail.com,Graham Dresden,
1,ecthelionv@gmail.com,Nicholas Keehn,
1,nickg414@yahoo.com,Nick Gomes,
2,kalidip@yahoo.com,Kalidip Choudhury,
2,sungho63@gmail.com,sungho kim,
2,jigziee@gmail.com,Jigz Mehta,
2,caseykoulman@gmail.com,Casey koulman,
2,tao_du@yahoo.com,Tao Du,
2,sasha.loktev@gmail.com,Alexander Loktev,
2,alansnyder2000@yahoo.com,Alan Snyder,
2,dominique.lahaix@ecairn.com,Dominique Lahaix,
2,RalphLewisconstruction@gmail.com,Ralph Lewis,
2,adorosti@pausd.org,Arcia  Dorosti,
2,francois.p.hamon@gmail.com,Francois Hamon,
2,christopher.d.tom@gmail.com,Chris Tom,
2,zeyarhtet@gmail.com,Zeyar Htet,
2,bpevangelista@gmail.com,Bruno Evangelista,
2,mitya22@gmail.com,Dmytro Reznikov,
2,paul.robinson9@gmail.com,Paul Robinson,
2,matt@papakipos.com,Matthew Papakipos,
2,manjingo@gmail.com,Jay Jacinto,COORD
2,bciastko@hotmail.com,Bartlomiej Ciastkowski,
3,joeniccum@gmail.com,Joe  Niccum,
3,lyleong@pacbell.net,Leon Leong,COORD
3,rgblatman@aol.com,robert blatman,
3,charty@stanford.edu,Chris Harty,
3,larryblair@gmail.com,Larry Blair,
3,13sudipto@gmail.com,Sudipto Aich,
3,guibastos@gmail.com,Gui Bastos,
3,cwjohnson64@gmail.com,Chris Johnson,
3,carsondorme@gmail.com,Carson Orme,
3,bradshaw.bryan@gmail.com,Bryan  Bradshaw,
3,jlee@cendogroup.com,Jonathan  Lee,
3,johnbrunello@yahoo.com,John Brunello,
3,eric.jester@gmail.com,Eric Jester,
3,ralph@coastalcircuits.com,Ralph Richart,
3,dibbg@hotmail.com,Gregory Dibb,
3,bdance@gmail.com,Brent Dance,
3,jimmytton@sbcglobal.net,Jimmy Tuan-Lien Ton,
3,mpzucca@gmail.com,Matthew Zucca,
3,jamesmuscarella@gmail.com,James Muscarella ,
3,kamienpl@gmail.com,Pawel Kaminski,
4,mayer.zimmer@gmail.com,Kevin Mayer,
4,marcboxser@gmail.com,marc boxser,
4,asherj.kohn@gmail.com,Asher Kohn,
4,chris@roononline.com,Chris Roon,
4,rpratt@stanfordalumni.org,Bob Pratt,COORD
4,cribbe@ssi.samsung.com,Carsten Ribbe,
4,loicv@vandereyken.com,Loic Vandereyken,
4,jeffg13@gmail.com,Jeff Greenfield,
4,bentfingers@gmail.com,Luigi Aditiarama,
4,huard@yahoo.com,Paul Huard,
4,fabunofal@yahoo.com,Fuad Abu Nofal,
4,eric.l.hill@gmail.com,Eric Hill,
4,skratz@gmail.com,Stefan Kratz,
4,tom.furlong@gmail.com,Tom Furlong,
4,paaslac@gildorlin.com,Yu-Wei Lin,
4,dominiqu@gmail.com,Dominique Van de Sompel,
4,theglinders@mac.com,Kellen Glinder,
4,eddie_parenti@hotmail.com,Eddie Parenti,
4,marc.joseph@sbcglobal.net,Marc Joseph,
4,mhalleck@gmail.com,Michael Halleck,
