1,xivxix@gmail.com,Bahram Dahi,
1,morten@green-smith.net,Morten Green,COORD
1,russ.nord@gmail.com,Russell Nord,
1,parkeras@gmail.com,Tony Parker,
1,cpatriaw@gmail.com,carlos patriawan,
1,birolbecan@gmail.com,birol becan,
1,nick.enthoven@gmail.com,Nicholas Enthoven,
1,alex.thomas360@gmail.com,Alex Thomas,
1,smore54@hotmail.com,Stephen More,
1,RemyMalan@aol.com,Remy Malan,
1,marcboxser@gmail.com,marc boxser,
1,wizardplow@gmail.com,Blake Parkinson,
1,jesslynnerose@yahoo.com,Melesio Campos,
1,efrengarciacampos@yahoo.com,Efren Garcia-Campos,
1,leclercs@sbcglobal.net,Walter  Leclerc,
1,fabunofal@yahoo.com,Fuad Abu Nofal,
1,awalsh@nvidia.com,Andy Walsh,
2,david@geefamily.com,David Gee,
2,asherj.kohn@gmail.com,Asher Kohn,
2,kamienpl@gmail.com,Pawel Kaminski,
2,trafalgartony@hotmail.com,Antonino Cacace,
2,rpratt@stanfordalumni.org,Bob Pratt,COORD
2,mamazur@microstrategy.com,Marek Mazur,
2,jonstueve@hotmail.com,Jon Stueve,
2,tracy@thonn.com,Tracy Thonn,
2,jlfuenteso@yahoo.com,Juan Fuentes,
2,alanbrush@gmail.com,alan brush,
2,jemlgarona@gmail.com,Juan Garona,
2,sungho63@gmail.com,sungho kim,
2,sccckim@gmail.com,Daniel Kim,
2,josephneil@gmail.com,Joe Neil,
2,caseykoulman@gmail.com,Casey koulman,
2,hdvaishn@gmail.com,Harsh Vaishnav,
2,olshen@gmail.com,Adam Olshen,
3,lglzdgmbln@yahoo.com,Elliot Weil,
3,manit.limlamai+paasl@gmail.com,Manit Limlamai,
3,cwiley@uw.edu,chris wiley,
3,jlee@cendogroup.com,Jonathan  Lee,
3,bret@qss.com,Bret Dabel,
3,fnocedal@yahoo.com,Fernando Nocedal,
3,apogedik@yahoo.com,Apo Gedik,
3,ashota@hotmail.com,Ashot Andreasyan,
3,tavrow@comcast.net,Lee Tavrow,COORD
3,blasnek@yahoo.com,Brent Blasnek,
3,lyntimgarrett@yahoo.com,Tim Garrett,
3,AgUtow@comcast.net,Andrew Gutow,
3,mgmouser@yahoo.com,Mauro Garcia,
3,eric@cgland.net,Eric Anderson,
3,sth2424@gmail.com,Sean Holbak,
3,jamesmuscarella@gmail.com,James Muscarella ,
3,ngiaccia@yahoo.com,Nicholas Giaccia,
4,eugene.kubovsky@gmail.com,Eugene Kubovsky,COORD
4,tjgama@att.net,Thomas Gama,
4,antoniohardan@yahoo.com,Antonio Hardan,
4,briansnethen@gmail.com,Brian Snethen,
4,jigziee@gmail.com,Jigz Mehta,
4,babar@simpleweblog.com,David Gauthier,
4,edlechner@gmail.com,Edward Lechner,
4,lionel.hartmann@gmail.com,Lionel Hartmann,
4,pdeloulay@gmail.com,Patrick Deloulay,
4,raanan.dagan@yahoo.com,Raanan Dagan,
4,bobmorell@gmail.com,Robert Morell,
4,mf_harris@msn.com,Mattice Harris,
4,lsm177@yahoo.com,Larry Yang,
4,michael.stewart@stanfordalumni.org,Michael Stewart,
4,hkorre@gmail.com,Hasan Korre,
4,kenheller@msn.com,Kenneth Heller,
4,futbol_sandiego@yahoo.com,Alfredo Ramirez,
5,avinash.shetty@gmail.com,Avi Shetty,
5,padillam@yahoo.com,Mark Padilla,
5,andrew.karam@gmail.com,Andrew Karam,
5,shuichiro.oohara@gmail.com,Shuichiro Ohara,
5,khoubyari@gmail.com,Siamak Khoubyari,
5,hagurcan@comcast.net,Ates Gurcan,
5,alper@sbcglobal.net,Alper Ilkbahar,
5,rgblatman@aol.com,robert blatman,
5,tcordery@itkc.com,Ted Cordery,
5,jassko2@gmail.com,Jason Ko,
5,m4gifford@gmail.com,Martin Gifford,
5,teddy.cordery@gmail.com,Teddy Cordery,
5,luna_victoria@hotmail.com,Alex Luna-Victoria,
5,luna_victoria@hotmail.com,Estuardo Godoy,
5,omar.naggar@gmail.com,Omar Alnaggar,
5,gdumortier@gmail.com,Guillaume Dumortier,
5,wbmayfield@att.net,william mayfield,COORD
6,ken@kmoberg.net,Kenneth Moberg,
6,fredsmith11460@comcast.net,fred smith,
6,theman6667@yahoo.com,Nathan Clark,
6,mzises@me.com,Matthew Zises,
6,frank@franksplace.net,Frank Stutz,
6,iandumee@gmail.com,Ian du Mee,
6,lmaheras@maheraswealthmanagement.com,Leo Maheras,
6,christofrangos@gmail.com,Chris Frangos,
6,minomtz@gmail.com,Emiliano Martinez,
6,witneyfest@aol.com,Malcolm Fleschner,
6,nmaheras@yahoo.com,Nikos Maheras,
6,gabe.martinez@gmail.com,Gabriel Martinez,
6,jkeenan1000@gmail.com,John Keenan,COORD
6,alejandro.munoz@gmail.com,Alejandro Munoz,
6,mcewok@gmail.com,Andy Velasquez,
6,viedcote@gmail.com,Victor Coronado,
6,andrew@an3e.org,Andrew Young,
6,bbkelson@gmail.com,Bruce Kelson,
7,daniel.dumitran@gmail.com,Octavian Dumitran,
7,raylin@gmail.com,Ray Lin,
7,steve_altus@yahoo.com,Steve Altus,
7,rpierno@valleywater.org,Roger Pierno,
7,paul@mathewscarlsen.com,Paul Holzhauser,
7,eric_daniell@hotmail.com,Eric Daniel Leon Gonzalez,
7,narimanshariat@yahoo.com,Nariman Shariat,
7,kalidip@yahoo.com,Kalidip Choudhury,
7,twlysh@gmail.com,Tim Leary,
7,ryanleary2@gmail.com,Ryan Leary,
7,jcramirez.scu@gmail.com,Juan Ramirez,
7,pguzman@seq.org,Pastor  Guzman,
7,mbfabian@gmail.com,mike fabian,
7,gejrodwell@me.com,Graham Rodwell,
7,RalphLewisconstruction@gmail.com,Ralph Lewis,
7,kbadiei@rutan.com,Kaveh Badiei,COORD
7,edchien@cs.stanford.edu,Edward Chien,
8,haroldgutmann@gmail.com,Harold Gutmann,
8,lyleong@pacbell.net,Leon Leong,COORD
8,andrei@apatent.com,Andrei Popovici,
8,brianpurchia@gmail.com,Brian  Purchia,
8,huard@yahoo.com,Paul Huard,
8,jim@scheinman.net,Jim Scheinman,
8,jnldrake@pacbell.net,Joe Drake,
8,tim.flagg@gmail.com,Tim Flagg,
8,marc.joseph@sbcglobal.net,Marc Joseph,
8,dougcorl@sbcglobal.net,Doug Corl,
8,trmhabu@earthlink.net,Tom Miller,
8,rob@koeten.net,Robert Koeten,
8,jasonmothersill@gmail.com,Jason Mothersill,
8,andrew.grosshans@gmail.com,Andre Grosshans,
8,milan.shah08@gmail.com,Milan Shah,
8,sousax2@yahoo.com,David Sousa,
8,cribbe@ssi.samsung.com,Carsten Ribbe,
9,cfinch@cpp.com,Calvin Finch,
9,george@svdirect.com,George Demienne,
9,david@L4Sinc.com,David Langer,COORD
9,jimusan@gmail.com,Jim Ryan,
9,mandahulusi@hotmail.com,Gunes Dervisoglu,
9,emrehan_tr@yahoo.com,Emrehan Kirimli,
9,ats114@stanford.edu,Alexander Sandhu,
9,son_ho@pacbell.net,Son Ho,
9,jmorganflaherty@gmail.com,James Flaherty,
9,mayer.zimmer@gmail.com,Kevin Mayer,
9,rkrolik@sbcglobal.net,Rob Krolik,
9,ejensen@cooley.com,Eric Jensen,
9,t.hernoult@comcast.net,Thierry Hernoult,
9,keeper0@yahoo.com,Michael Turner,
9,gandhi.shreyas18@gmail.com,Shreyas Gandhi,
9,mhavern11@aol.com,Michael Havern,
9,raulch21@hotmail.com,Raúl Contreras,
9,bamonjaras@hotmail.com,Mario Contreras,
10,graham.brucek@gmail.com,Bruce Graham,
10,brent.seybold@gmail.com,brent seybold,
10,mtbspam-paasl@yahoo.com,Michael Bruce,
10,helcio.nobre@gmail.com,Helcio Nobre,
10,paasl.org@moduda.fastmail.us,yoon kim,
10,yazco@yahoo.com,John da Guia,
10,kdyche2@gmail.com,Kevin Dyche,COORD
10,herreropaco@netscape.net,Paco Herrero,
10,rcardenas12468@gmail.com,Ricardo Cardenas,
10,rcardenas12468@gmail.com,Rigoberto Cardenas,
10,od925a@gmail.com,oscar martinez,
10,mrfranciscoduran@gmail.com,francisco duran,
10,scout7wc@gmail.com,Jon Criswell,
10,guibastos@gmail.com,Gui Bastos,
10,maribel.mduran@hotmail.com,melecio reyes,
10,jmg95138@yahoo.com,John Gilmore,
10,fadieltal@gmail.com,Fadi ElTal,
10,hsynturan@gmail.com,Huseyin Turan,
11,murmann@stanford.edu,Boris Murmann,
11,allison@thespeichers.com,tony pereur,
11,alibehbin@yahoo.com,Ali  Behbin,
11,teknotikal@gmail.com,Hikmat Assi,
11,msagoo1980@gmail.com,Man Sagoo,
11,jmccullum@gmail.com,Justin McCullum,
11,leolaura_2000@yahoo.com,Leo Centeno,
11,glennscheitrum@gmail.com,Glenn Scheitrum,
11,electricsymphony@hotmail.com,Bryan Eaton,
11,rwcjauregui@gmail.com,Hilario Jauregui,
11,marco@demiroz.com,marco demiroz,
11,tzeppy@gmail.com,Torsten Zeppenfeld,
11,leonsu81@yahoo.com,Leon Su,
11,damien.coullon@gmail.com,Damien Coullon,
11,jamesfelixcook@yahoo.com,James Cook,COORD
11,adpalermo@comcast.net,Angelo Palermo,
11,dralizadeh_2@hotmail.com,Ali Zadeh,
12,aozer@mac.com,Ali Ozer,
12,mbgraffeo@gmail.com,Brandon Graffeo,
12,hetterly@sbcglobal.net,Chris Hetterly,
12,aschenck771@gmail.com,Alan Schenck,
12,john.y.carlstrom@gmail.com,John Carlstrom,
12,martin.mcnealis@gmail.com,Martin McNealis,
12,des.baker@sbcglobal.net,Des Baker,COORD
12,ClassicDJO@yahoo.com,David Ovadia,
12,datrap03@yahoo.com,Danny  Trapani,
12,srinisan@gmx.com,Srini Sankaran,
12,kim.limbrick@gmail.com,Kim Limbrick,
12,matt@papakipos.com,Matthew Papakipos,
12,adclarke1111@gmail.com,Adrian Clarke,
12,the_address@yahoo.com,Patrik Jonsson,
12,kyoungunr@gmail.com,Keith Young,
12,scott1337@hotmail.com,Scott Young,
12,emailstevenkim@gmail.com,Steven Kim,
12,stuart.reid@sbcglobal.net,Stuart Reid,
13,amaldrete63@gmail.com,andres aldrete,
13,hartb88@yahoo.com,Barry Hart,
13,nathan.fitzsimmons@gmail.com,Nathan Fitzsimmons,
13,nejat_kamaci@yahoo.com,Nejat Kamaci,
13,Justinlw@earthlink.net,Justin Welsh,COORD
13,mdwheel@mfls.com,Mark Wheeler,
13,charlesm599@yahoo.com,charles moore,
13,tshappart@gmail.com,Timothy Shappart,
13,ochehabi@gmail.com,Omar Chehabi,
13,johnrfisher27@gmail.com,John Fisher,
13,russellkjones@gmail.com,Russell Jones,
13,scott@lessingfamily.com,Scott Lessing,
13,manjingo@gmail.com,Jay Jacinto,
13,jboess@comcast.net,John Boessenecker,
13,mikesawatzky@yahoo.com,mike sawatzky,
13,anthonyhc_law@msn.com,Anthony Law,
13,mtmaloney75@gmail.com,Michael Maloney,
13,gabriel.dominguez@gmail.com,Gabriel Dominguez,
14,bdecrem@gmail.com,bart decrem,
14,rguyon@pacbell.net,Richard Guyon,
14,hamidarj@gmail.com,Hamid Arjomand,
14,pedrinhotanaka@hotmail.com,Pedro Tanaka,
14,conor.heneghan@gmail.com,Conor Heneghan,
14,skratz@gmail.com,Stefan Kratz,
14,samlada@gmail.com,Samuel Lada,
14,gdresden@gmail.com,Graham Dresden,
14,wronsutton@gmail.com,W Ron Sutton,COORD
14,kyle.l.mcmartin@gmail.com,Kyle McMartin,
14,bjenkins1962@att.net,Bob Jenkins,
14,jtooley@aol.com,Jim Tooley,
14,romain.madelaine@stanford.edu,Romain Madelaine,
14,noelpryan@gmail.com,Noel Ryan,
14,vladlen_kozlov@hotmail.com,Vlad Kozlov,
14,opodolyan27@gmail.com,Ollie Podolyan,
14,Garayjose2012@gmail.com,Jose Garay,
