1,lyleong@pacbell.net,Leon Leong,
1,raylin@gmail.com,Ray Lin,
1,alex.thomas360@gmail.com,Alex Thomas,
1,pedrinhotanaka@hotmail.com,Pedro Tanaka,
1,willsalzman@gmail.com,William Salzman,
1,brianpurchia@gmail.com,Brian  Purchia,
1,manjingo@gmail.com,Jay Jacinto,
1,xivxix@gmail.com,Bahram Dahi,
1,padillam@yahoo.com,Mark Padilla,
1,marc.joseph@sbcglobal.net,Marc Joseph,
1,rguyon@pacbell.net,Richard Guyon,
1,russellkjones@gmail.com,Russell Jones,
1,helcio.nobre@gmail.com,Helcio Nobre,
1,carl@carlandmel.com,Carl Harris,
1,antoniohardan@yahoo.com,Antonio Hardan,
1,tshappart@gmail.com,Timothy Shappart,
1,Justinlw@earthlink.net,Justin Welsh,
1,mayer.zimmer@gmail.com,Kevin Mayer,
1,viedcote@gmail.com,Victor Coronado,
1,tracy@thonn.com,Tracy Thonn,
1,scott@lessingfamily.com,Scott Lessing,
1,ryanleary2@gmail.com,Ryan Leary,
1,martin.mcnealis@gmail.com,Martin McNealis,
1,mschoenen@google.com,Marc Schoenen,
1,mazjam2@gmail.com,Maz Jamasbi,
1,twlysh@gmail.com,Tim Leary,
1,jcramirez.scu@gmail.com,Juan Ramirez,
1,mzises@me.com,Matthew Zises,
1,keeper0@yahoo.com,Michael Turner,COORD
1,Xaviercombine360@yahoo.com,Xavier Parra,
1,sth2424@gmail.com,Sean Holbak,
1,rpierno@valleywater.org,Roger Pierno,
1,t.hernoult@comcast.net,Thierry Hernoult,
1,awalsh@nvidia.com,Andy Walsh,
1,ns_stabile@hotmail.com,Nick Stabile,
1,lionel.hartmann@gmail.com,Lionel Hartmann,
1,jim@planeshavings.com,Jim Stabile,
1,roshan@alum.mit.edu,Roshan Baliga,
1,gejrodwell@me.com,Graham Rodwell,
1,matt@papakipos.com,Matthew Papakipos,
1,guibastos@gmail.com,Gui Bastos,
1,smore54@hotmail.com,Stephen More,
1,13sudipto@gmail.com,Sudipto Aich,
1,sungho63@gmail.com,sungho kim,
1,amaldrete63@gmail.com,andres aldrete,
1,raanan.dagan@yahoo.com,Raanan Dagan,
1,david@geefamily.com,David Gee,
1,jaslaskow@gmail.com,Jason Laskowski,
1,pdeloulay@gmail.com,Patrick Deloulay,
1,stuart.reid@sbcglobal.net,Stuart Reid,
1,cpatriaw@gmail.com,carlos patriawan,
1,thec.chambers@gmail.com,Chris Chambers,
1,jtooley@aol.com,Jim Tooley,
1,edelrio7@gmail.com,Eduardo del Rio,
1,dralizadeh_2@hotmail.com,Ali Zadeh,
1,jmaarse@gmail.com,Jan Maarse,
1,scout7wc@gmail.com,Jon Criswell,
1,stevekhachi@gmail.com,Steve Khachi,
1,hartb88@yahoo.com,Barry Hart,
1,austonmartin88@gmail.com,Austin Steacy,
1,glennscheitrum@gmail.com,Glenn Scheitrum,
2,aozer@mac.com,Ali Ozer,
2,ptanaka@stanford.edu,Pedro Tanaka,
2,kamienpl@gmail.com,Pawel Kaminski,
2,srinisan@gmx.com,Srini Sankaran,
2,hartb88@yahoo.com,Barry Hart,
2,marco@demiroz.com,marco demiroz,
2,frank@franksplace.net,Frank Stutz,
2,nathan.fitzsimmons@gmail.com,Nathan Fitzsimmons,
2,leo.merken@gmail.com,Leo Merken,
2,mdwheel@mfls.com,Mark Wheeler,
2,khoubyari@gmail.com,Siamak Khoubyari,
2,fnocedal@yahoo.com,Fernando Nocedal,
2,hkorre@gmail.com,Hasan Korre,
2,leonsu81@yahoo.com,Leon Su,
2,wbmayfield@att.net,william mayfield,
2,babar@simpleweblog.com,David Gauthier,
2,tcordery@itkc.com,Ted Cordery,
2,cfinch@cpp.com,Calvin Finch,
2,wizardplow@gmail.com,Blake Parkinson,
2,theman6667@yahoo.com,Nathan Clark,
2,avinash.shetty@gmail.com,Avi Shetty,
2,kentperkocha@yahoo.com,Kent Perkocha,
2,Rfarrell@pausd.org,ronnie farrell,
2,bentfingers@gmail.com,Luigi Aditiarama,
2,ecthelionv@gmail.com,Nicholas Keehn,
2,david@L4Sinc.com,David Langer,
2,paul@mathewscarlsen.com,Paul Holzhauser,
2,lyntimgarrett@yahoo.com,Tim Garrett,
2,electricsymphony@hotmail.com,Bryan Eaton,
2,jklang77@gmail.com,Jamison Klang,
2,teddy.cordery@gmail.com,Teddy Cordery,
2,ashota@hotmail.com,Ashot Andreasyan,
2,mkash23@aol.com,Michael Kash,
2,mcewok@gmail.com,Andy Velasquez,
2,eric@cgland.net,Eric Anderson,
2,rkrolik@sbcglobal.net,Rob Krolik,
2,ejensen@cooley.com,Eric Jensen,
2,bhatiap@gmail.com,Pawan Bhatia,
2,edwardk99@gmail.com,Edward Kim,
2,teknotikal@gmail.com,Hikmat Assi,
2,iandumee@gmail.com,Ian du Mee,
2,junsan.chang@gmail.com,Junsan Chang ,
2,luisverduzco1981@gmail.com,Luis Verduzco,
2,kdyche2@gmail.com,Kevin Dyche,COORD
2,brent.seybold@gmail.com,brent seybold,
2,insanemic@hotmail.com,Ivan Hernandez,
2,minomtz@gmail.com,Emiliano Martinez,
2,liquiddag@gmail.com,Brian D'Agostino,
2,blueparis@gmail.com,Douglas Boyes,
2,jboess@comcast.net,John Boessenecker,
2,marcboxser@gmail.com,marc boxser,
2,rwcjauregui@gmail.com,Hilario Jauregui,
2,jameswilsterman@gmail.com,James Wilsterman,
2,gabe.martinez@gmail.com,Gabriel Martinez,
2,bkelson@manatt.com,Bruce Kelson,
2,jamesmuscarella@gmail.com,James Muscarella ,
2,ngiaccia@yahoo.com,Nicholas Giaccia,
2,linares123abc@yahoo.com,Charles Linares,
2,Garayjose2012@gmail.com,Jose Garay,
2,kchong7125@gmail.com,Kevin Chong,
2,stufdptato@hotmail.com,Ismael  Rivera,
3,marcboxser@gmail.com,marc boxser,
3,tzeppy@gmail.com,Torsten Zeppenfeld,
3,daniel.dumitran@gmail.com,Octavian Dumitran,
3,nick.enthoven@gmail.com,Nicholas Enthoven,
3,paasl.org@moduda.fastmail.us,yoon kim,
3,emrehan_tr@yahoo.com,Emrehan Kirimli,
3,jimusan@gmail.com,Jim Ryan,
3,mtbspam-paasl@yahoo.com,Michael Bruce,
3,bret@qss.com,Bret Dabel,
3,jeff@applitech.com,Jeff Harrison,
3,hermannvonbertrab@me.com,Hermann von Bertrab,
3,seandemoss@yahoo.com,Sean Demoss,
3,graham.brucek@gmail.com,Bruce Graham,
3,noelpryan@gmail.com,Noel Ryan,
3,huard@yahoo.com,Paul Huard,
3,mandahulusi@hotmail.com,Gunes Dervisoglu,
3,drew@drewmaran.com,Drew Maran,
3,veozdemir@gmail.com,Veli Ozdemir,
3,tim.flagg@gmail.com,Tim Flagg,
3,nrwyqf@gmail.com,Nick Wilson,
3,jemlgarona@gmail.com,Juan Garona,
3,herreropaco@netscape.net,Paco Herrero,
3,eugene.kubovsky@gmail.com,Eugene Kubovsky,COORD
3,andrew.karam@gmail.com,Andrew Karam,
3,hagurcan@comcast.net,Ates Gurcan,
3,leolaura_2000@yahoo.com,Leo Centeno,
3,josephneil@gmail.com,Joe Neil,
3,trmhabu@earthlink.net,Tom Miller,
3,familyklem@gmail.com,Johannes Klem,
3,kenheller@msn.com,Kenneth Heller,
3,futbol_sandiego@yahoo.com,Alfredo Ramirez,
3,blasnek@yahoo.com,Brent Blasnek,
3,tavrow@comcast.net,Lee Tavrow,
3,omar.naggar@gmail.com,Omar Alnaggar,
3,alper@sbcglobal.net,Alper Ilkbahar,
3,alanbrush@gmail.com,alan brush,
3,cribbe@ssi.samsung.com,Carsten Ribbe,
3,jlfuenteso@yahoo.com,Juan Fuentes,
3,pguzman@seq.org,Pastor  Guzman,
3,rcardenas12468@gmail.com,Rigoberto Cardenas,
3,pastorguzman@msn.com,Rodolfo Medina,
3,cdsuchet@comcast.net,christophe suchet,
3,samlada@gmail.com,Samuel Lada,
3,otheil@sfsymphony.org,oliver theil,
3,fabunofal@yahoo.com,Fuad Abu Nofal,
3,allison@thespeichers.com,tony pereur,
3,anthonyhc_law@msn.com,Anthony Law,
3,suthersm@stanford.edu,Scott Sutherland,
3,gdresden@gmail.com,Graham Dresden,
3,romain.madelaine@stanford.edu,Romain Madelaine,
3,mlukamina@gmail.com,Branimir Milinkovic,
3,hara.nathan@gmail.com,Nathan Hara,
3,vladlen_kozlov@hotmail.com,Vlad Kozlov,
3,raulch21@hotmail.com,Raúl Contreras,
3,opodolyan27@gmail.com,Ollie Podolyan,
3,bamonjaras@hotmail.com,Mario Contreras,
3,amanuel7@yahoo.com,Manuel Granados,
4,parkeras@gmail.com,Tony Parker,
4,edlechner@gmail.com,Edward Lechner,
4,jlee@cendogroup.com,Jonathan  Lee,
4,jigziee@gmail.com,Jigz Mehta,
4,george@svdirect.com,George Demienne,
4,rgblatman@aol.com,robert blatman,
4,shuichiro.oohara@gmail.com,Shuichiro Ohara,
4,andrei@apatent.com,Andrei Popovici,
4,RemyMalan@aol.com,Remy Malan,
4,murmann@stanford.edu,Boris Murmann,
4,hetterly@sbcglobal.net,Chris Hetterly,
4,bobmorell@gmail.com,Robert Morell,
4,kalidip@yahoo.com,Kalidip Choudhury,
4,aschenck771@gmail.com,Alan Schenck,
4,stephen@blueslugs.com,Stephen Hahn,
4,nbondre@ucla.edu,Neil Bondre,
4,des.baker@sbcglobal.net,Des Baker,
4,plchu@yahoo.com,Paul Chu,
4,fredsmith11460@comcast.net,fred smith,
4,datrap03@yahoo.com,Danny  Trapani,
4,ClassicDJO@yahoo.com,David Ovadia,
4,jim@scheinman.net,Jim Scheinman,
4,russ.nord@gmail.com,Russell Nord,
4,son_ho@pacbell.net,Son Ho,
4,lmaheras@maheraswealthmanagement.com,Leo Maheras,
4,bdecrem@gmail.com,bart decrem,
4,hamid_salehizadeh@yahoo.com,Hamid Salehizadeh,
4,hamidarj@gmail.com,Hamid Arjomand,
4,morten@green-smith.net,Morten Green,
4,caseykoulman@gmail.com,Casey koulman,
4,jasonmothersill@gmail.com,Jason Mothersill,
4,mike.hamblin@gmail.com,Mike Hamblin,
4,milan.shah08@gmail.com,Milan Shah,
4,andrew.grosshans@gmail.com,Andrew Grosshans,
4,mstewart@polymotec.com,michael stewart,
4,lsm177@yahoo.com,Larry Yang,
4,alejandro.munoz@gmail.com,Alejandro Munoz,
4,jofofc@yahoo.com,Johan Forsman,
4,the_address@yahoo.com,Patrik Jonsson,
4,olshen@gmail.com,Adam Olshen,
4,leclercs@sbcglobal.net,Walter  Leclerc,
4,dougcorl@sbcglobal.net,Doug Corl,
4,bjenkins1962@att.net,Bob Jenkins,
4,msagoo1980@gmail.com,Man Sagoo,
4,mbgraffeo@gmail.com,Brandon Graffeo,
4,mikedrews@sbcglobal.net,Michael Drews,
4,witneyfest@aol.com,Malcolm Fleschner,
4,mbfabian@gmail.com,mike fabian,
4,dstrandness@gmail.com,David Strandness,
4,nmaheras@yahoo.com,Nikos Maheras,
4,manit.limlamai+paasl@gmail.com,Manit Limlamai,
4,skratz@gmail.com,Stefan Kratz,
4,victorngo85@yahoo.com,victor ngo,
4,RalphLewisconstruction@gmail.com,Ralph Lewis,
4,ctdoeden@umich.edu,Craig Doeden,COORD
4,kyoungunr@gmail.com,Keith Young,
4,scott1337@hotmail.com,Scott Young,
4,mhavern11@aol.com,Michael Havern,
4,99.dhruv@gmail.com,Dhruv Naithani,
4,asherj.kohn@gmail.com,Asher Kohn,
4,luna_victoria@hotmail.com,Estuardo Godoy,
4,luna_victoria@hotmail.com,Alex Luna-Victoria,
4,mgmouser@yahoo.com,Mauro Garcia,
4,flandava42@gmail.com,Fred Landavazo,
