1,hamid_salehizadeh@yahoo.com,Hamid Salehizadeh,
1,padillam@yahoo.com,Mark Padilla,
1,rob@koeten.net,Robert Koeten,
1,aozer@mac.com,Ali Ozer,
1,parkeras@gmail.com,Tony Parker,
1,russellkjones@gmail.com,Russell Jones,
1,peva83@yahoo.com,Phil Evans,COORD
1,stephen@blueslugs.com,Stephen Hahn,
1,johnsoliver85@gmail.com,John Oliver,
1,shuichiro.oohara@gmail.com,Shuichiro Ohara,
1,rcardenas12468@gmail.com,Ricardo Cardenas,
1,rcardenas12468@gmail.com,Rigoberto Cardenas,
1,hainesworthy@gmail.com,Ryan Haines,
1,luna_victoria@hotmail.com,Alex Luna-Victoria,
1,luna_victoria@hotmail.com,Estuardo Godoy,
1,russ.nord@gmail.com,Russell Nord,
1,mike@morearty.com,Mike Morearty,
1,mikedrews@sbcglobal.net,Michael Drews,
1,runner@coastside.net,Martin Smith,
1,morten@green-smith.net,Morten Green,
2,david@geefamily.com,David Gee,
2,des.baker@sbcglobal.net,Des Baker,
2,theman6667@yahoo.com,Nathan Clark,
2,nick.enthoven@gmail.com,Nicholas Enthoven,
2,brent.seybold@gmail.com,brent seybold,
2,kdyche2@gmail.com,Kevin Dyche,
2,ashota@hotmail.com,Ashot Andreasyan,
2,theglinders@mac.com,Kellen Glinder,
2,wronsutton@gmail.com,W Ron Sutton,
2,iandumee@gmail.com,Ian du Mee,
2,jboess@comcast.net,John Boessenecker,
2,kim.limbrick@gmail.com,Kim Limbrick,
2,jon.barker@integral.com,jon barker,
2,martin.mcnealis@gmail.com,Martin McNealis,
2,emrehan_tr@yahoo.com,Emrehan Kirimli,
2,spencer.huddleston@gmail.com,Spencer  Huddleston,
2,dnj3120@gmail.com,Daniel Schmidt,COORD
2,gdumortier@gmail.com,Guillaume Dumortier,
2,tansu.akgun@gmail.com,Osman Akgun,
3,guibastos@gmail.com,Gui Bastos,
3,sandeep_srinivasan@yahoo.com,sandeep srinivasan,
3,hamidarj@gmail.com,Hamid Arjomand,
3,helcio.nobre@gmail.com,Helcio Nobre,
3,cribbe@ssi.samsung.com,Carsten Ribbe,
3,mikesawatzky@yahoo.com,mike sawatzky,
3,email.paulsantos@gmail.com,Paul Santos,
3,viedcote@gmail.com,Victor Coronado,
3,lmaheras@maheraswealthmanagement.com,Leo Maheras,
3,milan.shah08@gmail.com,Milan Shah,
3,jasonmothersill@gmail.com,Jason Mothersill,
3,andrew.grosshans@gmail.com,Andrew The Leg Grosshans,
3,nmaheras@yahoo.com,Nikos Maheras,
3,hartb88@yahoo.com,Barry Hart,
3,sungho63@gmail.com,sungho kim,
3,christofrangos@gmail.com,Chris Frangos,COORD
3,edchien@cs.stanford.edu,Edward Chien,
3,mzises@me.com,Matthew Zises,
3,gaottley@yahoo.com,Gavin Ottley,
3,huard@yahoo.com,Paul Huard,
4,george@svdirect.com,George Demienne,
4,fabunofal@yahoo.com,Fuad Abu Nofal,
4,xivxix@gmail.com,Bahram Dahi,COORD
4,robert.l.tri@gmail.com,Robert Tri,
4,jlfuenteso@yahoo.com,Juan Fuentes,
4,anthonyhc_law@msn.com,Anthony Law,
4,marc.joseph@sbcglobal.net,Marc Joseph,
4,mf_harris@msn.com,Mattice Harris,
4,Justinlw@earthlink.net,Justin Welsh,
4,jcramirez.scu@gmail.com,Juan Ramirez,
4,philbvincent@gmail.com,Philippe Vincent,
4,sth2424@gmail.com,Sean Holbak,
4,alanbrush@yahoo.com,alan brush,
4,new49koki@hotmail.com,Koki Fuji,
4,brianpurchia@gmail.com,Brian  Purchia,
4,cpatriaw@gmail.com,carlos patriawan,
4,gary@gmoon.net,Gary Moon,
4,chad.barbieri@wellsfargo.com,Chad Barbieri,
4,tshappart@gmail.com,Timothy Shappart,
4,willsalzman@gmail.com,William Salzman,
5,michael.stewart@stanfordalumni.org,Michael Stewart,
5,attrapani@gmail.com,Andrew  Trapani,
5,ClassicDJO@yahoo.com,David Ovadia,
5,kamienpl@gmail.com,Pawel Kaminski,
5,jtooley@aol.com,Jim Tooley,
5,datrap03@yahoo.com,Danny  Trapani,
5,keeper0@yahoo.com,Michael Turner,
5,mtbspam-paasl@yahoo.com,Michael Bruce,
5,cfinch@cpp.com,Calvin Finch,
5,david@L4Sinc.com,David Langer,COORD
5,ejensen@cooley.com,Eric Jensen,
5,bjenkins1962@att.net,Bob Jenkins,
5,daniel.dumitran@gmail.com,Octavian Dumitran,
5,apogedik@yahoo.com,Apo Gedik,
5,birolbecan@gmail.com,birol becan,
5,vasilevskiyalexander@gmail.com,Alexander Vasilevskiy,
5,smore54@hotmail.com,Stephen More,
5,murmann@stanford.edu,Boris Murmann,
5,fnocedal@yahoo.com,Fernando Nocedal,
6,jesslynnerose@yahoo.com,Melesio Campos,
6,efrengarciacampos@yahoo.com,Efren Garcia-Campos,
6,marcboxser@gmail.com,marc boxser,
6,lyleong@pacbell.net,Leon Leong,COORD
6,andrei@apatent.com,Andrei Popovici,
6,jlee@cendogroup.com,Jonathan  Lee,
6,edlechner@gmail.com,Edward Lechner,
6,son_ho@pacbell.net,Son Ho,
6,ns_stabile@hotmail.com,Nick Stabile,
6,andywalsh90@gmail.com,Andrew Walsh,
6,Gabrielrociogarcia@gmail.com,Gabriel Garcia,
6,leonsu81@yahoo.com,Leon Su,
6,jordan.m.bernhardt@gmail.com,Jordan Bernhardt,
6,wdwvt1@gmail.com,Will Van Treuren,
6,alper@sbcglobal.net,Alper Ilkbahar,
6,hagurcan@comcast.net,Ates Gurcan,
6,wgerola@yahoo.com,Werner Gerola,
6,juan_de_leon@yahoo.com,Juan De Leon,
6,mr.alman3@gmail.com,Abdulrahman Manea,
6,omar.naggar@gmail.com,Omar Alnaggar,
7,paul@mathewscarlsen.com,Paul Holzhauser,
7,frank@franksplace.net,Frank Stutz,
7,leolaura_2000@yahoo.com,Leo Centeno,
7,steve_altus@yahoo.com,Steve Altus,
7,hkorre@gmail.com,Hasan Korre,
7,nathan.fitzsimmons@gmail.com,Nathan Fitzsimmons,
7,tracy@thonn.com,Tracy Thonn,
7,eugene.kubovsky@gmail.com,Eugene Kubovsky,
7,minomtz@gmail.com,Emiliano Martinez,
7,gabe.martinez@gmail.com,Gabriel Martinez,
7,sasha.loktev@gmail.com,Alexander Loktev,
7,jkeenan1000@gmail.com,John Keenan,COORD
7,rkrolik@sbcglobal.net,Rob Krolik,
7,mdwheel@mfls.com,Mark Wheeler,
7,charlesm599@yahoo.com,charles moore,
7,aschenck771@gmail.com,Alan Schenck,
7,the_address@yahoo.com,Patrik Jonsson,
7,mbgraffeo@gmail.com,Brandon Graffeo,
7,mgmouser@yahoo.com,Mauro Garcia,
7,hetterly@sbcglobal.net,Chris Hetterly,
8,ecthelionv@gmail.com,Nicholas Keehn,
8,stuart.reid@sbcglobal.net,Stuart Reid,
8,avinash.shetty@gmail.com,Avi Shetty,
8,adrian.swartz@gmail.com,Adrian Swartz,
8,emailstevenkim@gmail.com,Steven Kim,
8,caseykoulman@gmail.com,Casey koulman,
8,tcordery@itkc.com,Ted Cordery,COORD
8,teddy.cordery@gmail.com,Teddy Cordery,
8,trmhabu@earthlink.net,Tom Miller,
8,galencoleman@gmail.com,Galen Coleman,
8,lyntimgarrett@yahoo.com,Tim Garrett,
8,eric@cgland.net,Eric Anderson,
8,azumi.koh@gmail.com,Kohei Azumi,
8,yeanchang@yahoo.com,Yean Chang,
8,lionel.hartmann@gmail.com,Lionel Hartmann,
8,pdeloulay@gmail.com,Patrick Deloulay,
8,nrwyqf@gmail.com,Nick Wilson,
8,raanan.dagan@yahoo.com,Raanan Dagan,
8,kentperkocha@yahoo.com,Kent Perkocha,
9,jigziee@gmail.com,Jigz Mehta,
9,ken@kmoberg.net,Kenneth Moberg,
9,matt@papakipos.com,Matthew Papakipos,
9,manjingo@gmail.com,Jay Jacinto,
9,conor.heneghan@gmail.com,Conor Heneghan,COORD
9,joseph.p.monts@gmail.com,Joseph Monts,
9,lsm177@yahoo.com,Larry Yang,
9,mayer.zimmer@gmail.com,Kevin Mayer,
9,herreropaco@netscape.net,Paco Herrero,
9,pguzman@seq.org,Pastor  Guzman,
9,ngiaccia@yahoo.com,Nicholas Giaccia,
9,jamesmuscarella@gmail.com,James Muscarella ,
9,tjgama@att.net,Thomas Gama,
9,scout7wc@gmail.com,Jon Criswell,
9,olshen@gmail.com,Adam Olshen,
9,lglzdgmbln@yahoo.com,Elliot Weil,
9,kalidip@yahoo.com,Kalidip Choudhury,
9,conkelcm@hotmail.com,Christopher Conkel,
9,fadieltal@gmail.com,Fadi ElTal,
9,jmg95138@yahoo.com,John Gilmore,
10,amaldrete63@gmail.com,andres aldrete,
10,fredsmith11460@comcast.net,fred smith,
10,adpalermo@comcast.net,Angelo Palermo,
10,garonaj@pamf.org,Juan Garona,
10,tzeppy@gmail.com,Torsten Zeppenfeld,
10,msagoo1980@gmail.com,Man Sagoo,
10,rguyon@pacbell.net,Richard Guyon,
10,graham.brucek@gmail.com,Bruce Graham,
10,nvarbane@gmail.com,nikolay varbanets,
10,teknotikal@gmail.com,Hikmat Assi,
10,otheil@sfsymphony.org,oliver theil,
10,gdresden@gmail.com,Graham Dresden,
10,kbadiei@rutan.com,Kaveh Badiei,
10,witneyfest@aol.com,Malcolm Fleschner,
10,samlada@gmail.com,Samuel Lada,
10,RemyMalan@aol.com,Remy Malan,
10,skratz@gmail.com,Stefan Kratz,
10,jlang@wsgr.com,Justin Lang,
10,varqarouhipour@gmail.com,varqa rouhipour,COORD
10,Toufan@gmail.com,Toufan Razi,
11,alejandro.munoz@gmail.com,Alejandro Munoz,
11,raylin@gmail.com,Ray Lin,
11,hypeway@yahoo.com,Jimmy Zhen,
11,jaslaskow@gmail.com,Jason Laskowski,
11,tavrow@comcast.net,Lee Tavrow,COORD
11,alex.sawsienowicz@gmail.com,Alex Sawsienowicz,
11,kenheller@msn.com,Kenneth Heller,
11,glennscheitrum@gmail.com,Glenn Scheitrum,
11,Drew.w.levin@gmail.com,Drew Levin,
11,srinisan@gmx.com,Srini Sankaran,
11,blasnek@yahoo.com,Brent Blasnek,
11,khoubyari@gmail.com,Siamak Khoubyari,
11,narimanshariat@yahoo.com,Nariman Shariat,
11,futbol_sandiego@yahoo.com,Alfredo Ramirez,
11,jassko2@gmail.com,Jason Ko,
11,RalphLewisconstruction@gmail.com,Ralph Lewis,
11,michael.grimwood@gmail.com,Michael Grimwood,
11,Noahazarin@gmail.com,Noah Azarin,
11,gordon@smythe.us,Gordon Smythe,
12,tim.flagg@gmail.com,Tim Flagg,
12,t.hernoult@outlook.com,Thierry Hernoult,
12,rpratt@stanfordalumni.org,Bob Pratt,COORD
12,mlukamina@gmail.com,Branimir Milinkovic,
12,rgblatman@aol.com,robert blatman,
12,babar@simpleweblog.com,David Gauthier,
12,mcknewman@hotmail.com,Michael  Newman,
12,kyle.l.mcmartin@gmail.com,Kyle McMartin,
12,raulch21@hotmail.com,Raúl Contreras,
12,mario33oira@hotmail.com ,Mario Contreras ,
12,romain.madelaine@stanford.edu,Romain Madelaine,
12,jameswilsterman@gmail.com,James Wilsterman,
12,gabriel.dominguez@gmail.com,Gabriel Dominguez,
12,rpierno@valleywater.org,Roger Pierno,
12,mtmaloney75@gmail.com,Michael Maloney,
12,bret@qss.com,Bret Dabel,
12,perry@perryclarklaw.com,Perry Clark,
12,tpap1011@gmail.com,tony pereur,
12,kbranson@alumni.princeton.edu,Ken Branson,
12,upawlik@yahoo.com,Udo Pawlik,
