1,guibastos@gmail.com,Gui Bastos,
1,christoph.pojer@gmail.com,Christoph Pojer,
1,jim@scheinman.net,Jim Scheinman,
1,rgblatman@aol.com,robert blatman,
1,jamesyeatesfowler@gmail.com,James Fowler,
1,slee@stern.nyu.edu,Samuel Lee,
1,patrick.metzger@gmail.com,Patrick Metzger,
1,kalidip@yahoo.com,Kalidip Choudhury,COORD
1,cwjohnson64@gmail.com,Chris Johnson,
1,jwisdom526@yahoo.com,jerald wisdom,
1,aschenck771@gmail.com,Alan Schenck,
1,ralph@coastalcircuits.com,Ralph Richart,
1,mperczyn@gene.com,Matthias Perczynski,
1,juyongdo@gmail.com,Juyong Do,
1,conor.heneghan@gmail.com,Conor Heneghan,
1,nickg414@yahoo.com,Nick Gomes,
1,david@geefamily.com,David Gee,
1,jprodigy3@gmail.com,Johnny Randle,
1,alexeib@stanford.edu,Alexei Bastidas,
1,flandava42@gmail.com,Fred Landavazo,
2,fabunofal@yahoo.com,Fuad Abu Nofal,
2,calebmstewart@gmail.com,Caleb Stewart,
2,lyleong@pacbell.net,Leon Leong,COORD
2,larryblair@gmail.com,Larry Blair,
2,paasl.org@moduda.fastmail.us,yoon kim,
2,hetterly@sbcglobal.net,Chris Hetterly,
2,kkooner@cisco.com,Kully Kooner,
2,mbgraffeo@gmail.com,Brandon Graffeo,
2,asurdutovich@gmail.com,Anatoly Surdutovich,
2,eric.l.hill@gmail.com,Eric Hill,
2,Liquiddag@aol.com,Brian D'Agostino,
2,siddhartha.oza@gmail.com,Siddhartha Oza,
2,twinoza@gmail.com,Nick Oza,
2,mitya22@gmail.com,Dmytro Reznikov,
2,eddie_parenti@hotmail.com,Eddie Parenti,
2,Justinlw@earthlink.net,Justin Welsh,
2,frank@franksplace.net,Frank Stutz,
2,topherchung@gmail.com,Topher Chung,
2,mtbspam-paasl@yahoo.com,Michael Bruce,
2,haroldgutmann@gmail.com,Harold Gutmann,
3,huard@yahoo.com,Paul Huard,
3,caseykoulman@gmail.com,Casey koulman,
3,gdresden@gmail.com,Graham Dresden,
3,skratz@gmail.com,Stefan Kratz,
3,cribbe@ssi.samsung.com,Carsten Ribbe,
3,cdsuchet@comcast.net,christophe suchet,
3,sasha.loktev@gmail.com,Alexander Loktev,
3,samlada@gmail.com,Samuel Lada,COORD
3,mayer.zimmer@gmail.com,Kevin Mayer,
3,michael.stewart@stanfordalumni.org,Michael Stewart,
3,jlee@cendogroup.com,Jonathan  Lee,
3,Garayjose2012@gmail.com,Jose Garay,
3,marc.joseph@sbcglobal.net,Marc Joseph,
3,hagurcan@comcast.net,Ates Gurcan,
3,alper@sbcglobal.net,Alper Ilkbahar,
3,andy@chmyz.com,Andrew Chmyz,
3,briansnethen@gmail.com,Brian Snethen,
3,chadbarbieri@yahoo.com,Chad Barbieri,
3,ianleeds@gmail.com,Ian Williams,
4,rpratt@stanfordalumni.org,Bob Pratt,COORD
4,chou_a@yahoo.com,Adolfo Chou,
4,hartb88@yahoo.com,Barry Hart,
4,marcboxser@gmail.com,marc boxser,
4,tsanami@gmail.com,Takenori Sanami,
4,jun.makino@gmail.com,Jun Makino,
4,joeniccum@gmail.com,Joe  Niccum,
4,chris@roononline.com,Chris Roon,
4,olshen@gmail.com,Adam Olshen,
4,RalphLewisconstruction@gmail.com,Ralph Lewis,
4,sungho63@gmail.com,sungho kim,
4,13sudipto@gmail.com,Sudipto Aich,
4,rich@e-faris.com,Richard Faris,
4,jbpringuey@gmail.com,jean-baptiste pringuey,
4,christofrangos@gmail.com,Chris Frangos,
4,christopher.d.tom@gmail.com,Chris Tom,
4,zeyarhtet@gmail.com,Zeyar Htet,
4,bpevangelista@gmail.com,Bruno Evangelista,
4,manjingo@gmail.com,Jay Jacinto,
