1,lyleong@pacbell.net,Leon Leong,COORD
1,murmann@stanford.edu,Boris Murmann,
1,sungho63@gmail.com,sungho kim,
1,paasl.org@moduda.fastmail.us,yoon kim,
1,sasha.loktev@gmail.com,Alexander Loktev,
1,timothymisner@aya.yale.edu,Tmothy Misner,
1,cbungarden@aol.com,Jack Bungarden,
1,tom.furlong@gmail.com,Tom Furlong,
1,kim.limbrick@gmail.com,Kim Limbrick,
1,mcolussi@gmail.com,Michael Colussi,
1,kanietomoharu@gmail.com,Tomoharu Kanie,
1,amaldrete63@gmail.com,andres aldrete,
1,chas_bickar@hotmail.com,John Bickar,
1,ccolorad@mail.usf.edu,CAMILO COLORADO,
1,shuichiro.oohara@gmail.com,Shuichiro Ohara,
1,patrickconte@gmail.com,Patrick Joseph Conte,
1,chadbarbieri@yahoo.com,Chad Barbieri,
1,brian_y_wong@yahoo.com,Brian Wong,
1,pbdanzig@gmail.com,Peter Danzig,
2,jim@scheinman.net,Jim Scheinman,
2,mschoenen@google.com,Marc Schoenen,
2,huard@yahoo.com,Paul Huard,
2,jimmytton@sbcglobal.net,Jimmy Tuan-Lien Ton,
2,hetterly@sbcglobal.net,Chris Hetterly,
2,cdsuchet@comcast.net,christophe suchet,COORD
2,phamady@gmail.com,Peter Hamady,
2,samlada@gmail.com,Samuel Lada,
2,djadams3@yahoo.com,Dave Adams,
2,hartb88@yahoo.com,Barry Hart,
2,fabunofal@yahoo.com,Fuad Abu Nofal,
2,dm@soletan.com,david maselli,
2,olshen@gmail.com,Adam Olshen,
2,mbgraffeo@gmail.com,Brandon Graffeo,
2,RalphLewisconstruction@gmail.com,Ralph Lewis,
2,eddie_parenti@hotmail.com,Eddie Parenti,
2,luckydoug@gmail.com,Doug Laporte,
2,Justinlw@earthlink.net,Justin Welsh,
2,xavier7007@gmail.com,Francis Rangel,
3,loicv@vandereyken.com,Loic Vandereyken,
3,andrew.karam@gmail.com,Andrew Karam,
3,rpratt@stanfordalumni.org,Bob Pratt,COORD
3,larryblair@gmail.com,Larry Blair,
3,marcboxser@gmail.com,marc boxser,
3,skratz@gmail.com,Stefan Kratz,
3,caseykoulman@gmail.com,Casey koulman,
3,matt@papakipos.com,Matthew Papakipos,
3,christoph.pojer@gmail.com,Christoph Pojer,
3,asurdutovich@gmail.com,Anatoly Surdutovich,
3,mayer.zimmer@gmail.com,Kevin Mayer,
3,jeffg13@gmail.com,Jeff Greenfield,
3,cwjohnson64@gmail.com,Chris Johnson,
3,mustaxe@gmail.com,Eduardo Carneiro,
3,daniel_dumitran@yahoo.com,Marius Dumitran,
3,daniel.dumitran@gmail.com,Octavian Dumitran,
3,eugene.kubovsky@gmail.com,Eugene Kubovsky,
3,heydrew@yahoo.com,Andrew Heymann,
3,han.kim000@gmail.com,Han Kim,
3,juan_de_leon@yahoo.com,Juan De Leon,
4,jigziee@gmail.com,Jigz Mehta,
4,13sudipto@gmail.com,Sudipto Aich,
4,srenaker@gmail.com,Steve Renaker,
4,rgblatman@aol.com,robert blatman,
4,dsray1984@gmail.com,David Ray,
4,joeniccum@gmail.com,Joe  Niccum,COORD
4,kalidip@yahoo.com,Kalidip Choudhury,
4,tansu.akgun@gmail.com,Osman Akgun,
4,alex@limberis.net,Alex Limberis,
4,suthersm@stanford.edu,Scott Sutherland,
4,aschenck771@gmail.com,Alan Schenck,
4,mandahulusi@hotmail.com,Gunes Dervisoglu,
4,emrehan_tr@yahoo.com,Emrehan Kirimli,
4,stuart.reid@sbcglobal.net,Stuart Reid,
4,marc.joseph@sbcglobal.net,Marc Joseph,
4,veozdemir@gmail.com,Veli Ozdemir,
4,christofrangos@gmail.com,Chris Frangos,
4,gpathp@yahoo.com,Gianpaolo Callioni,
4,luigi@paraboschi.com,Luigi Paraboschi,
