1,chris.larmore@gmail.com,Chris Larmore,
1,hagurcan@comcast.net,Ates Gurcan,COORD
1,scott@lessingfamily.com,Scott Lessing,
1,alper@sbcglobal.net,Alper Ilkbahar,
1,fahrisurucu@yahoo.com,Fahri Surucu,
1,graham.brucek@gmail.com,Bruce Graham,
1,babar@simpleweblog.com,David Gauthier,
1,ggsunw@yahoo.com,Gary Gamitian,
1,samlada@gmail.com,Samuel Lada,
1,lglzdgmbln@yahoo.com,Elliot Weil,
1,rwcjauregui@gmail.com,Hilario Jauregui,
1,ronnie_farrell@hotmail.com,ronnie farrell,
1,jesslynnerose@yahoo.com,Melesio Campos,
1,efrengarciacampos@yahoo.com,Efren Garcia-Campos,
1,viedcote@gmail.com,Victor Coronado,
1,srinisan@gmx.com,Srini Sankaran,
1,rob@koeten.net,Robert Koeten,
1,ziopiero70@yahoo.com,Pierfrancesco Landolfi,
1,kdyche2@gmail.com,Kevin Dyche,
1,jermaine.conner24@gmail.com,Jermaine Conner,
2,the_address@yahoo.com,Patrik Jonsson,
2,johngatta@sbcglobal.net,John Gatta,
2,hamid_salehizadeh@yahoo.com,Hamid Salehizadeh,
2,wronsutton@gmail.com,W Ron Sutton,
2,narimanshariat@yahoo.com,Nariman Shariat,
2,raylin@gmail.com,Ray Lin,
2,parkeras@gmail.com,Tony Parker,
2,whisperofgrace@gmail.com,John-Mark Kane,
2,martin.mcnealis@gmail.com,Martin McNealis,
2,kim.limbrick@gmail.com,Kim Limbrick,
2,rcardenas12468@gmail.com,Ricardo Cardenas,
2,rcardenas12468@gmail.com,Rigoberto Cardenas,
2,cribbe@ssi.samsung.com,Carsten Ribbe,
2,hartb88@yahoo.com,Barry Hart,
2,gbaigorr@yahoo.com,Gonzalo Baigorria,
2,mbfabian@gmail.com,Mike Fabian,
2,Gulliverorama@gmail.com,Gulliver Lavalle,
2,RalphLewisconstruction@gmail.com,Ralph Lewis,COORD
2,brianrfung@gmail.com,brian fung,
2,nandovillegas@gmail.com,fernando villegas,
3,edchien@cs.stanford.edu,Edward Chien,
3,paul@mathewscarlsen.com,Paul Holzhauser,
3,rguyon@pacbell.net,Richard Guyon,
3,rich@e-faris.com,Richard Faris,
3,jigziee@gmail.com,Jigz Mehta,
3,jtmartinez76@hotmail.com,JT Martinez,
3,sewall@ix.netcom.com,Scott Sewall,
3,emrehan_tr@yahoo.com,Emrehan Kirimli,
3,sth2424@gmail.com,Sean Holbak,
3,fabunofal@yahoo.com,Fuad Abu Nofal,
3,luke.thivierge@mac.com,Luke Thivierge,
3,korhan.bircan@yahoo.com,korhan bircan,
3,leolaura_2000@yahoo.com,Leo Centeno,
3,utkulaw@yahoo.com,utku yilmaz,
3,davidkotulski@gmail.com,David Kotulski,
3,bob@serenogroup.com,Babak Kamangar,
3,tjgama@att.net,Tom Gama,COORD
3,smm633@gmail.com,Sean Murphy,
3,lsm177@yahoo.com,Larry Yang,
3,breesun@yahoo.com,Frank Prince,
4,cpatriaw@gmail.com,carlos patriawan,
4,dipan.patel@permira.com,Dipan Patel,
4,marcelo@stanford.edu,Marcelo Clerici-Arias,
4,mdwheel@mfls.com,Mark Wheeler,
4,bobmorell@gmail.com,Robert Morell,
4,nathan.fitzsimmons@gmail.com,Nathan Fitzsimmons,
4,bjenkins1962@att.net,Bob Jenkins,
4,sasha.loktev@gmail.com,Alexander Loktev,
4,morten@green-smith.net,Morten Green,COORD
4,fredsmith11460@comcast.net,fred smith,
4,mgmouser@yahoo.com,Mauro Garcia,
4,russ.nord@gmail.com,Russell Nord,
4,mikedrews@sbcglobal.net,Michael Drews,
4,josephneil@gmail.com,Joe Neil,
4,fischer.josef@gmail.com,Josef Fischer,
4,cornish.daniel@gmail.com,Daniel Cornish,
4,jamesfelixcook@yahoo.com,James Cook,
4,gregdfar@aol.com,Greg Farmer,
4,alansnyder2000@yahoo.com,Alan Snyder,
4,yankeeh8er4ever@gmail.com,Earl Grogan,
5,g_demarest@yahoo.com,George Demarest,COORD
5,manjingo@gmail.com,Jay Jacinto,
5,alex@limberis.net,Alex Limberis,
5,Justinlw@earthlink.net,Justin Welsh,
5,shuichiro.oohara@gmail.com,Shuichiro Ohara,
5,lyleong@pacbell.net,Leon Leong,
5,mschoenen@google.com,Marc Schoenen,
5,leonsu81@yahoo.com,Leon Su,
5,stephen@blueslugs.com,Stephen Hahn,
5,luna_victoria@hotmail.com,Alex Luna-Victoria,
5,jemlgarona@gmail.com,Juan Garona,
5,dougcorl@sbcglobal.net,Doug Corl,
5,tshappart@gmail.com,Timothy Shappart,
5,tracy@thonn.com,Tracy Thonn,
5,scott.stimson@gmail.com,Scott Stimson,
5,dm@soletan.com,david maselli,
5,terry_munday@yahoo.com,Terry Munday,
5,caseykoulman@gmail.com,Casey koulman,
5,honglu.du@gmail.com,Honglu Du,
5,ariel.hecht@gmail.com,Ariel Hecht,
5,jlfuenteso@yahoo.com,Juan Fuentes,
6,tjbally@gmail.com,Teodor Bally,
6,kelsatmontara@aol.com,Steve Kelsey,
6,george@svdirect.com,George Demienne,
6,chad.barbieri@wellsfargo.com,Chad Barbieri,
6,cfinch@cpp.com,Calvin Finch,
6,ejensen@cooley.com,Eric Jensen,
6,thepaulsantos@yahoo.com,Paul Santos,
6,rkrolik@sbcglobal.net,Rob Krolik,
6,david@L4Sinc.com,David Langer,
6,sungho63@gmail.com,sungho kim,
6,hetterly@sbcglobal.net,Chris Hetterly,
6,kyle.l.mcmartin@gmail.com,Kyle McMartin,
6,blasnek@yahoo.com,Brent Blasnek,
6,bret@qss.com,Bret Dabel,
6,rgblatman@aol.com,robert blatman,
6,tavrow@comcast.net,Lee Tavrow,COORD
6,wizardplow@gmail.com,Blake Parkinson,
6,mbgraffeo@gmail.com,Brandon Graffeo,
6,abnerg@gmail.com,Abner Germanow,
6,mike@netcitadel.com,Mike Horn,
7,helcio.nobre@gmail.com,Helcio Nobre,
7,aozer@mac.com,Ali Ozer,
7,herreropaco@netscape.net,Paco Herrero,
7,michael.r.etz@lmco.com,Michael Etz,
7,michael.stewart@stanfordalumni.org,Michael Stewart,
7,fnocedal@yahoo.com,Fernando Nocedal,COORD
7,mtbspam-paasl@yahoo.com,Michael Bruce,
7,mark@lazarfamily.com,Mark Lazar,
7,sccckim@gmail.com,Daniel Kim,
7,guibastos@gmail.com,Gui Bastos,
7,datrap03@yahoo.com,Danny  Trapani,
7,rpierno@valleywater.org,Roger Pierno,
7,jason.r.dehler@gmail.com,Jason Dehler,
7,ClassicDJO@yahoo.com,David Ovadia,
7,joelmassuda@gmail.com,Joel Massuda,
7,attrapani@gmail.com,Andrew  Trapani,
7,jester366@yahoo.com,Jarrett Miner,
7,huard@yahoo.com,Paul Huard,
7,stewnet1@pacbell.net,Bill Stewart,
7,jtooley@aol.com,Jim Tooley,
8,frank@franksplace.net,Frank Stutz,
8,alejandro.munoz@gmail.com,Alejandro Munoz,
8,theman6667@yahoo.com,Nathan Clark,
8,keeper0@yahoo.com,Michael Turner,COORD
8,jlee@cendogroup.com,Jonathan  Lee,
8,avinash.shetty@gmail.com,Avi Shetty,
8,jim@scheinman.net,Jim Scheinman,
8,jsmith@mdv.com,Jim Smith,
8,kenhawk@mac.com,Kenny Hawk,
8,aschenck771@gmail.com,Alan Schenck,
8,petekol@aol.com,peter kolotouros,
8,cfrangos@cbnorcal.com,Chris Frangos,
8,andrew.karam@gmail.com,Andrew Karam,
8,lmaheras@maheraswealthmanagement.com,Leo Maheras,
8,lyntimgarrett@yahoo.com,Tim Garrett,
8,leo.merken@gmail.com,Leo Merken,
8,findleyr@sonic.net,Ryan Findley,
8,anthonyhc_law@msn.com,Anthony Law,
8,daniel.dumitran@gmail.com,Octavian Dumitran,
8,michael.costa@stanfordalumni.org,Michael Costa,
9,andrei@apatent.com,Andrei Popovici,
9,rpratt@stanfordalumni.org,Bob Pratt,COORD
9,glennscheitrum@gmail.com,Glenn Scheitrum,
9,kbadiei@rutan.com,Kaveh Badiei,
9,cdsuchet@comcast.net,christophe suchet,
9,russellkjones@gmail.com,Russell Jones,
9,jmolivot@gmail.com,Jean marc Olivot,
9,suthersm@stanford.edu,Scott Sutherland,
9,ashota@hotmail.com,Ashot Andreasyan,
9,scout7wc@gmail.com,Jon Criswell,
9,kalidip@yahoo.com,Kalidip Choudhury,
9,jtbrumm@msn.com,Josh Brumm,
9,gdresden@gmail.com,Graham Dresden,
9,scott1337@hotmail.com,Scott Young,
9,bors@chemcosystems.com,John Bors,
9,trmhabu@earthlink.net,Tom Miller,
9,jmaarse@gmail.com,Jan Maarse,
9,boyang.marco.zhang@gmail.com,Marco Zhang,
9,hananregister@gmail.com,Hanan Beliak,
9,eizumo@gmail.com,Eugene Izumo,
10,kamienpl@gmail.com,Pawel Kaminski,
10,minomtz@gmail.com,Emiliano Martinez,
10,birolbecan@gmail.com,birol becan,
10,apogedik@yahoo.com,Apo Gedik,
10,marco@demiroz.com,marco demiroz,
10,son_ho@pacbell.net,Son Ho,COORD
10,wojtek.sobie@gmail.com,Voitek Sobieszczanski,
10,cwaago@hotmail.com,Chris Waago,
10,marc.joseph@sbcglobal.net,Marc Joseph,
10,brianpurchia@gmail.com,Brian  Purchia,
10,matt@papakipos.com,Matthew Papakipos,
10,cd2065@gmail.com,Chet Diken,
10,tpap1011@gmail.com,tony pereur,
10,johnpires@mac.com,John Pires,
10,gsevounts@aol.com,Gary Sevounts,
10,skhoo368@yahoo.com,Si Yi Khoo,
10,alfonso.quinones@united.com,Alfonso Quinones,
10,olshen@yahoo.com,Adam Olshen,
10,mhavern11@aol.com,Michael Havern,
10,tbenhart@gmail.com,Tim Benhart,
