1,jigziee@gmail.com,Jigz Mehta,
1,tzeppy@gmail.com,Torsten Zeppenfeld,
1,otheil@sfsymphony.org,oliver theil,
1,russellkjones@gmail.com,Russell Jones,
1,msagoo1980@gmail.com,Man Sagoo,
1,lsm177@yahoo.com,Larry Yang,
1,jtmartinez76@hotmail.com,JT Martinez,
1,glenn.scheitrum@varian.com,Glenn Scheitrum,
1,insanemic@hotmail.com,Ivan Hernandez,
1,stuart.reid@sbcglobal.net,Stuart Reid,
1,chuck@onepost.net,Chuck Gilbert,COORD
1,andrew.karam@gmail.com,Andrew Karam,
1,the_address@yahoo.com,Patrik Jonsson,
1,jplankjr@sbcglobal.net,John Plankinton,
1,bors@chemcosystems.com,John Bors,
1,tjgama@att.net,Tom Gama,
1,stufdptato@hotmail.com,Ismael  Rivera,
1,kchong7125@gmail.com,Kevin Chong,
1,rguyon@pacbell.net,Richard Guyon,
2,alex@limberis.net,Alex Limberis,
2,lyleong@pacbell.net,Leon Leong,
2,theman6667@yahoo.com,Nathan Clark,
2,tjbally@gmail.com,Teodor Bally,
2,periklis.panousis@gmail.com,Periklis Panousis,
2,mcewok@gmail.com,Andy Velasquez,
2,timf@flaggzone.com,Tim Flagg,
2,jassko2@gmail.com,Jason Ko,
2,trmhabu@earthlink.net,Tom Miller,
2,whisperofgrace@gmail.com,John-Mark Kane,
2,hetterly@sbcglobal.net,Chris Hetterly,
2,jesslynnerose@yahoo.com,Melesio Campos,
2,efrengarciacampos@yahoo.com,Efren Garcia-Campos,
2,jim@scheinman.net,Jim Scheinman,
2,dm@soletan.com,david maselli,
2,mbgraffeo@gmail.com,Brandon Graffeo,
2,rwcjauregui@gmail.com,Hilario Jauregui,
2,mschoenen@google.com,Marc Schoenen,
2,jamesfelixcook@yahoo.com,James Cook,COORD
3,sam.most@gmail.com,Sam Most,
3,hhchoe82@gmail.com,Hyun Choe,
3,jlfuenteso@yahoo.com,Juan Fuentes,
3,hamid_salehizadeh@yahoo.com,Hamid Salehizadeh,
3,cpatriaw@gmail.com,carlos patriawan,
3,leclercs@sbcglobal.net,Walter Norm Leclerc,
3,tx_andre@yahoo.com,Andre Zierfuss,
3,alanbrush@gmail.com,alan brush,
3,alex.vonb@gmail.com,Alex von Borstel,
3,farzadgha@yahoo.com,Farzad Ghannadian,
3,morten@green-smith.net,Morten Green,
3,rcardenas12468@gmail.com,Ricardo Cardenas,
3,rcardenas12468@gmail.com,Rigoberto Cardenas,
3,garonaj@pamf.org,Juan Garona,
3,nathan.fitzsimmons@gmail.com,Nathan Fitzsimmons,
3,hm@mcintyreweb.com,Hugh McIntyre,
3,taoying_yau@yahoo.com,Tao-ying Yau,
3,wbmayfield@att.net,william mayfield,COORD
4,wojtek.sobie@gmail.com,Voitek Sobieszczanski,
4,george@svdirect.com,George Demienne,
4,caseykoulman@gmail.com,Casey koulman,
4,narimanshariat@yahoo.com,Nariman Shariat,
4,rpierno@valleywater.org,Roger Pierno,
4,kelsatmontara@aol.com,Steve Kelsey,
4,lenel@stanford.edu,Moritz Lenel,
4,chad.barbieri@wellsfargo.com,Chad Barbieri,
4,wronsutton@gmail.com,W Ron Sutton,COORD
4,goldbros@hotmail.com,Hernan Goldsztein,
4,jlevav@stanford.edu,Jonathan Levav,
4,sth2424@gmail.com,Sean Holbak,
4,joelmassuda@gmail.com,Joel Massuda,
4,raypou@gmail.com,Ray Poudrier,
4,ClassicDJO@yahoo.com,David Ovadia,
4,t.hernoult@comcast.net,Thierry Hernoult,
4,irak7i@gmail.com,irakli iosebashvili,
4,ggsunw@yahoo.com,Gary Gamitian,
4,fashionablemisanthrope@gmail.com,Mark Young,
5,saumilrs@hotmail.com,Saumil Shah,
5,cfinch@cpp.com,Calvin Finch,COORD
5,des.baker@sbcglobal.net,Des Baker,
5,aozer@mac.com,Ali Ozer,
5,ejensen@cooley.com,Eric Jensen,
5,cdsuchet@comcast.net,christophe suchet,
5,jmolivot@gmail.com,Jean marc Olivot,
5,suthersm@stanford.edu,Scott Sutherland,
5,patai12@yahoo.com,Malcolm Smith,
5,tmarkworth@yahoo.com,Tom Markworth,
5,mtbspam-paasl@yahoo.com,Michael Bruce,
5,theglinders@mac.com,Kellen Glinder,
5,jtooley@aol.com,Jim Tooley,
5,thomas.boyd@gmail.com,Thomas Boyd,
5,david@L4Sinc.com,David Langer,
5,cbungarden@aol.com,Jack Bungarden,
5,jmaarse@gmail.com,Jan Maarse,
5,scout7wc@gmail.com,Jon Criswell,
5,nick.enthoven@gmail.com,Nicholas Enthoven,
6,blasnek@yahoo.com,Brent Blasnek,
6,leo.merken@gmail.com,Leo Merken,
6,ziopiero70@yahoo.com,Pierfrancesco Landolfi,
6,tavrow@comcast.net,Lee Tavrow,COORD
6,hagurcan@comcast.net,Ates Gurcan,
6,alper@sbcglobal.net,Alper Ilkbahar,
6,kbadiei@rutan.com,Kaveh Badiei,
6,fahrisurucu@yahoo.com,Fahri Surucu,
6,birolbecan@gmail.com,birol becan,
6,apogedik@yahoo.com,Apo Gedik,
6,helcio.nobre@gmail.com,Helcio Nobre,
6,ashota@hotmail.com,Ashot Andreasyan,
6,mdwheel@mfls.com,Mark Wheeler,
6,guibastos@gmail.com,Gui Bastos,
6,kentperkocha@yahoo.com,Kent Perkocha,
6,brendangl@gmail.com,Brendan Lim,
6,spencemckenzie@gmail.com,Spencer McKenzie,
6,andy@ramanz.com,Andy Ramans,
6,michael.r.etz@lmco.com,Michael Etz,
7,matt@papakipos.com,Matthew Papakipos,
7,cdyca4@gmail.com,Cody Cannon,
7,fabunofal@yahoo.com,Fuad Abu Nofal,
7,marc.joseph@sbcglobal.net,Marc Joseph,
7,sousax2@yahoo.com,David Sousa,
7,manjingo@gmail.com,Jay Jacinto,COORD
7,bobmorell@gmail.com,Robert Morell,
7,brianpurchia@gmail.com,Brian  Purchia,
7,johngatta@sbcglobal.net,John Gatta,
7,steve@stephenpappas.com,Stephen Pappas,
7,chris.middlemass@gmail.com,Chris Middlemass,
7,juventus99_2000@yahoo.com,Eric Chen,
7,edchien@cs.stanford.edu,Edward Chien,
7,doug@mid-pen.com,Doug Thompson,
7,antoniohardan@yahoo.com,Antonio Hardan,
7,mikesawatzky@yahoo.com,mike sawatzky,
7,josephneil@gmail.com,joseph neil,
7,veugene@yahoo.com,Yevgeniy Ivanov,
8,bret@qss.com,Bret Dabel,
8,anthonyhc_law@msn.com,Anthony Law,COORD
8,shuichiro.oohara@gmail.com,Shuichiro Ohara,
8,olivercameron@gmail.com,Oliver Cameron,
8,revolutions@gmail.com,Vibhu Norby,
8,h20incos@gmail.com,Omid Mikhchi,
8,witneyfest@aol.com,Malcolm Fleschner,
8,rkrolik@sbcglobal.net,Rob Krolik,
8,bjenkins1962@att.net,Bob Jenkins,
8,mshafrir@gmail.com,Michael Shafrir,
8,raddish1000@sbcglobal.net,Adrian Smith,
8,rob@koeten.net,Robert Koeten,
8,mark@lazarfamily.com,Mark Lazar,
8,datrap03@yahoo.com,Danny  Trapani,
8,toledanojm@gmail.com,Jean Marc Toledano,
8,ctrap1@gmail.com,Chris Trapani,
8,tato2489@yahoo.com,Estuardo Godoy,
8,luna_victoria@hotmail.com,Alex Luna-Victoria,
9,paul@mathewscarlsen.com,Paul Holzhauser,
9,michael.stewart@stanfordalumni.org,Michael Stewart,
9,tracy@thonn.com,Tracy Thonn,
9,sasha.loktev@gmail.com,Alexander Loktev,
9,yankeeh8er4ever@gmail.com,Earl Grogan,
9,michael.costa@stanfordalumni.org,Michael Costa,
9,fnocedal@yahoo.com,Fernando Nocedal,
9,mhavern11@aol.com,Michael Havern,COORD
9,mmcma007@gmail.com,Matthew  McManus,
9,twleary@aol.com,Tim Leary,
9,mgmouser@yahoo.com,Mauro Garcia,
9,gdresden@gmail.com,Graham Dresden,
9,ryanleary2@gmail.com,Ryan Leary,
9,attrapani@gmail.com,Andrew  Trapani,
9,ecthelionv@gmail.com,Nicholas Keehn,
9,steve_altus@yahoo.com,Steve Altus,
9,sevenie@gmail.com,Soren Swenson,
9,chris.larmore@gmail.com,Chris Larmore,
9,CFREAL@COMCAST.NET,ELLIOTT DIAZ,
10,manup@stanford.edu,Manu Prakash,
10,jadz@stanford.edu,pablo jadzinskky,
10,findleyr@sonic.net,Ryan Findley,
10,keeper0@yahoo.com,Michael Turner,
10,siamakk@yahoo.com,Siamak khoubyari,
10,hartb88@yahoo.com,Barry Hart,
10,jonathan@leesrus.net,Jonathan  Lee,
10,pegasusrpg@yahoo.com,Randy Goldberg,
10,frank@franksplace.net,Frank Stutz,
10,skratz@gmail.com,Stefan Kratz,
10,dredge@gmail.com,Michael Eldredge,
10,olshen@yahoo.com,Adam Olshen,
10,RalphLewisconstruction@gmail.com,Ralph Lewis,COORD
10,Mbfabian@gmail.com,Mike Fabian,
10,gulliverorama@gmail.com,Gulliver Lavalle,
10,srinisan@gmx.com,Srini Sankaran,
10,hierro1@comcast.net,Jose Garay,
10,mgifford20@hotmail.com,martin gifford,
10,kamienpl@gmail.com,Pawel Kaminski,
11,elashoff@yahoo.com,Michael Elashoff,
11,aschenck771@gmail.com,Alan Schenck,
11,son_ho@pacbell.net,Son Ho,
11,skhoo368@yahoo.com,Si Yi Khoo,
11,rpratt@stanfordalumni.org,Bob Pratt,COORD
11,graham.brucek@gmail.com,Bruce Graham,
11,luisaverduzco@hotmail.com,Luis Verduzco,
11,jonlee112@gmail.com,Jonathan Lee,
11,fredsmith11460@comcast.net,fred smith,
11,huard@yahoo.com,Paul Huard,
11,kyle.l.mcmartin@gmail.com,Kyle McMartin,
11,jboess@comcast.net,John Boessenecker,
11,lglzdgmbln@yahoo.com,Elliot Weil,
11,murmann@stanford.edu,Boris Murmann,
11,donalmurphy@global.t-bird.edu,Donal Murphy,
11,maurycyw@gmail.com,Maurycy Wojtowicz,
11,babar@simpleweblog.com,David Gauthier,
11,jofofc@yahoo.com,Johan Forsman,
11,daniel.dumitran@gmail.com,Octavian Dumitran,
12,leolaura_2000@yahoo.com,Leo Centeno,
12,dougcorl@sbcglobal.net,Doug Corl,
12,herreropaco@netscape.net,Paco Herrero,
12,lmaheras@maheraswealthmanagement.com,Leo Maheras,
12,jim@planeshavings.com,Jim Stabile,
12,alejandro.munoz@gmail.com,Alejandro Munoz,
12,Justinlw@earthlink.net,Justin Welsh,
12,rgblatman@aol.com,robert blatman,
12,ns_stabile@hotmail.com,Nick Stabile,
12,awalsh@nvidia.com,Andy Walsh,
12,mark.minko@gmail.com,Mark Minkowski,
12,rickabone@yahoo.com,Frederick Naujoks,
12,wizardplow@gmail.com,Blake Parkinson,COORD
12,bentfingers@gmail.com,Luigi Aditiarama,
12,nmaheras@yahoo.com,Nikos Maheras,
12,jbwilliamson08@gmail.com,John Williamson,
12,tbeck@apttus.com,Timothy  Beck,
12,cfrangos@cbnorcal.com,Chris Frangos,
12,petekol@aol.com,peter kolotouros,
