1,alex.thomas360@gmail.com,Alex Thomas,
1,jimusan@gmail.com,Jim Ryan,
1,viedcote@gmail.com,Victor Coronado,
1,russ.nord@gmail.com,Russell Nord,
1,son_ho@pacbell.net,Son Ho,
1,morten@green-smith.net,Morten Green,COORD
1,kenheller@msn.com,Kenneth Heller,
1,teknotikal@gmail.com,Hikmat Assi,
1,futbol_sandiego@yahoo.com,Alfredo Ramirez,
1,mikedrews@sbcglobal.net,Michael Drews,
1,allison@thespeichers.com,tony pereur,
1,anthonyhc_law@msn.com,Anthony Law,
1,victorngo85@yahoo.com,victor ngo,
1,glennscheitrum@gmail.com,Glenn Scheitrum,
1,jeg1308@gmail.com,Ted Gay,
1,yankeeh8er4ever@gmail.com,Earl Grogan,
1,theglinders@mac.com,Kellen Glinder,
1,bpevangelista@gmail.com,Bruno Evangelista,
1,zeyarhtet@gmail.com,Zeyar Htet,
2,tzeppy@gmail.com,Torsten Zeppenfeld,
2,daniel.dumitran@gmail.com,Octavian Dumitran,
2,andrei@apatent.com,Andrei Popovici,
2,marco@demiroz.com,marco demiroz,
2,helcio.nobre@gmail.com,Helcio Nobre,
2,graham.brucek@gmail.com,Bruce Graham,
2,babar@simpleweblog.com,David Gauthier,
2,hamid_salehizadeh@yahoo.com,Hamid Salehizadeh,
2,nrwyqf@gmail.com,Nick Wilson,
2,paul@mathewscarlsen.com,Paul Holzhauser,
2,guibastos@gmail.com,Gui Bastos,
2,msagoo1980@gmail.com,Man Sagoo,
2,otheil@sfsymphony.org,oliver theil,
2,jamesmuscarella@gmail.com,James Muscarella ,
2,ngiaccia@yahoo.com,Nicholas Giaccia,
2,linares123abc@yahoo.com,Charles Linares,
2,rpratt@stanfordalumni.org,Bob Pratt,COORD
2,steve_altus@yahoo.com,Steve Altus,
3,xivxix@gmail.com,Bahram Dahi,
3,plchu@yahoo.com,Paul Chu,
3,eugene.kubovsky@gmail.com,Eugene Kubovsky,
3,caseykoulman@gmail.com,Casey koulman,
3,jasonmothersill@gmail.com,Jason Mothersill,
3,milan.shah08@gmail.com,Milan Shah,
3,andrew.grosshans@gmail.com,Andrew Grosshans,
3,electricsymphony@hotmail.com,Bryan Eaton,
3,blasnek@yahoo.com,Brent Blasnek,COORD
3,tavrow@comcast.net,Lee Tavrow,
3,witneyfest@aol.com,Malcolm Fleschner,
3,mbfabian@gmail.com,mike fabian,
3,RalphLewisconstruction@gmail.com,Ralph Lewis,
3,blueparis@gmail.com,Douglas Boyes,
3,dralizadeh_2@hotmail.com,Ali Zadeh,
3,stevekhachi@gmail.com,Steve Khachi,
3,bkelson@manatt.com,Bruce Kelson,
3,andrew@an3e.org,Andrew Young,
4,edlechner@gmail.com,Edward Lechner,
4,jigziee@gmail.com,Jigz Mehta,
4,murmann@stanford.edu,Boris Murmann,
4,emrehan_tr@yahoo.com,Emrehan Kirimli,
4,carl@carlandmel.com,Carl Harris,
4,noelpryan@gmail.com,Noel Ryan,
4,mandahulusi@hotmail.com,Gunes Dervisoglu,
4,jim@scheinman.net,Jim Scheinman,
4,veozdemir@gmail.com,Veli Ozdemir,
4,hkorre@gmail.com,Hasan Korre,
4,jemlgarona@gmail.com,Juan Garona,
4,lsm177@yahoo.com,Larry Yang,
4,the_address@yahoo.com,Patrik Jonsson,
4,alanbrush@gmail.com,alan brush,
4,jlfuenteso@yahoo.com,Juan Fuentes,
4,insanemic@hotmail.com,Ivan Hernandez,
4,jtooley@aol.com,Jim Tooley,
4,mrfranciscoduran@gmail.com,francisco duran,
4,thomas.boyd@gmail.com,Thomas Boyd,COORD
5,brianpurchia@gmail.com,Brian  Purchia,
5,marc.joseph@sbcglobal.net,Marc Joseph,
5,hermannvonbertrab@me.com,Hermann von Bertrab,
5,seandemoss@yahoo.com,Sean Demoss,
5,drew@drewmaran.com,Drew Maran,
5,tim.flagg@gmail.com,Tim Flagg,
5,tcordery@itkc.com,Ted Cordery,COORD
5,martin.mcnealis@gmail.com,Martin McNealis,
5,wizardplow@gmail.com,Blake Parkinson,
5,bentfingers@gmail.com,Luigi Aditiarama,
5,teddy.cordery@gmail.com,Teddy Cordery,
5,sth2424@gmail.com,Sean Holbak,
5,junsan.chang@gmail.com,Junsan Chang ,
5,mhavern11@aol.com,Michael Havern,
5,rwcjauregui@gmail.com,Hilario Jauregui,
5,vladlen_kozlov@hotmail.com,Vlad Kozlov,
5,rob@koeten.net,Robert Koeten,
5,kim.limbrick@gmail.com,Kim Limbrick,
5,john.y.carlstrom@gmail.com,John Carlstrom,
6,marcboxser@gmail.com,marc boxser,
6,des.baker@sbcglobal.net,Des Baker,
6,huard@yahoo.com,Paul Huard,
6,ecthelionv@gmail.com,Nicholas Keehn,
6,rkrolik@sbcglobal.net,Rob Krolik,
6,familyklem@gmail.com,Johannes Klem,
6,cribbe@ssi.samsung.com,Carsten Ribbe,
6,pguzman@seq.org,Pastor  Guzman,
6,rcardenas12468@gmail.com,Rigoberto Cardenas,
6,pastorguzman@msn.com,Rodolfo Medina,
6,minomtz@gmail.com,Emiliano Martinez,COORD
6,ctdoeden@umich.edu,Craig Doeden,
6,edelrio7@gmail.com,Eduardo del Rio,
6,jmaarse@gmail.com,Jan Maarse,
6,scout7wc@gmail.com,Jon Criswell,
6,gabe.martinez@gmail.com,Gabriel Martinez,
6,narimanshariat@yahoo.com,Nariman Shariat,
6,jkeenan1000@gmail.com,John Keenan,
7,pedrinhotanaka@hotmail.com,Pedro Tanaka,
7,srinisan@gmx.com,Srini Sankaran,
7,datrap03@yahoo.com,Danny  Trapani,
7,ClassicDJO@yahoo.com,David Ovadia,
7,tracy@thonn.com,Tracy Thonn,
7,scott@lessingfamily.com,Scott Lessing,
7,theman6667@yahoo.com,Nathan Clark,
7,mkash23@aol.com,Michael Kash,
7,mcewok@gmail.com,Andy Velasquez,
7,josephneil@gmail.com,Joe Neil,
7,iandumee@gmail.com,Ian du Mee,
7,olshen@gmail.com,Adam Olshen,COORD
7,matt@papakipos.com,Matthew Papakipos,
7,kdyche2@gmail.com,Kevin Dyche,
7,bjenkins1962@att.net,Bob Jenkins,
7,brent.seybold@gmail.com,brent seybold,
7,mgmouser@yahoo.com,Mauro Garcia,
7,gabriel.dominguez@gmail.com,Gabriel Dominguez,
8,manjingo@gmail.com,Jay Jacinto,
8,vhassy@yahoo.com,Y Nguyen,
8,rguyon@pacbell.net,Richard Guyon,
8,mtbspam-paasl@yahoo.com,Michael Bruce,
8,tshappart@gmail.com,Timothy Shappart,
8,fredsmith11460@comcast.net,fred smith,
8,leonsu81@yahoo.com,Leon Su,
8,cfinch@cpp.com,Calvin Finch,
8,hamidarj@gmail.com,Hamid Arjomand,
8,david@L4Sinc.com,David Langer,COORD
8,mstewart@polymotec.com,michael stewart,
8,ejensen@cooley.com,Eric Jensen,
8,david@geefamily.com,David Gee,
8,manit.limlamai+paasl@gmail.com,Manit Limlamai,
8,skratz@gmail.com,Stefan Kratz,
8,thec.chambers@gmail.com,Chris Chambers,
8,kchong7125@gmail.com,Kevin Chong,
8,stufdptato@hotmail.com,Ismael  Rivera,
9,aozer@mac.com,Ali Ozer,
9,george@svdirect.com,George Demienne,COORD
9,kalidip@yahoo.com,Kalidip Choudhury,
9,nbondre@ucla.edu,Neil Bondre,
9,wbmayfield@att.net,william mayfield,
9,bdecrem@gmail.com,bart decrem,
9,ryanleary2@gmail.com,Ryan Leary,
9,twlysh@gmail.com,Tim Leary,
9,jcramirez.scu@gmail.com,Juan Ramirez,
9,keeper0@yahoo.com,Michael Turner,
9,Xaviercombine360@yahoo.com,Xavier Parra,
9,lionel.hartmann@gmail.com,Lionel Hartmann,
9,roshan@alum.mit.edu,Roshan Baliga,
9,leclercs@sbcglobal.net,Walter  Leclerc,
9,13sudipto@gmail.com,Sudipto Aich,
9,raanan.dagan@yahoo.com,Raanan Dagan,
9,pdeloulay@gmail.com,Patrick Deloulay,
9,raminsaf@gmail.com,Ramin Safaie,
9,edchien@cs.stanford.edu,Edward Chien,
10,raylin@gmail.com,Ray Lin,
10,ptanaka@stanford.edu,Pedro Tanaka,
10,nick.enthoven@gmail.com,Nicholas Enthoven,
10,khoubyari@gmail.com,Siamak Khoubyari,
10,antoniohardan@yahoo.com,Antonio Hardan,
10,hagurcan@comcast.net,Ates Gurcan,
10,trmhabu@earthlink.net,Tom Miller,
10,gejrodwell@me.com,Graham Rodwell,
10,omar.naggar@gmail.com,Omar Alnaggar,
10,alper@sbcglobal.net,Alper Ilkbahar,
10,amaldrete63@gmail.com,andres aldrete,
10,cdsuchet@comcast.net,christophe suchet,
10,samlada@gmail.com,Samuel Lada,
10,jaslaskow@gmail.com,Jason Laskowski,
10,suthersm@stanford.edu,Scott Sutherland,COORD
10,gdresden@gmail.com,Graham Dresden,
10,jameswilsterman@gmail.com,James Wilsterman,
10,Garayjose2012@gmail.com,Jose Garay,
11,parkeras@gmail.com,Tony Parker,
11,jlee@cendogroup.com,Jonathan  Lee,
11,kamienpl@gmail.com,Pawel Kaminski,
11,padillam@yahoo.com,Mark Padilla,
11,shuichiro.oohara@gmail.com,Shuichiro Ohara,
11,stephen@blueslugs.com,Stephen Hahn,
11,Justinlw@earthlink.net,Justin Welsh,
11,mayer.zimmer@gmail.com,Kevin Mayer,
11,kentperkocha@yahoo.com,Kent Perkocha,
11,andrew.karam@gmail.com,Andrew Karam,
11,alejandro.munoz@gmail.com,Alejandro Munoz,
11,jofofc@yahoo.com,Johan Forsman,
11,dstrandness@gmail.com,David Strandness,
11,cpatriaw@gmail.com,carlos patriawan,
11,jboess@comcast.net,John Boessenecker,
11,hara.nathan@gmail.com,Nathan Hara,
11,luna_victoria@hotmail.com,Estuardo Godoy,
11,luna_victoria@hotmail.com,Alex Luna-Victoria,COORD
12,rgblatman@aol.com,robert blatman,
12,RemyMalan@aol.com,Remy Malan,
12,hetterly@sbcglobal.net,Chris Hetterly,COORD
12,bobmorell@gmail.com,Robert Morell,
12,nathan.fitzsimmons@gmail.com,Nathan Fitzsimmons,
12,mdwheel@mfls.com,Mark Wheeler,
12,herreropaco@netscape.net,Paco Herrero,
12,avinash.shetty@gmail.com,Avi Shetty,
12,rpierno@valleywater.org,Roger Pierno,
12,t.hernoult@comcast.net,Thierry Hernoult,
12,awalsh@nvidia.com,Andy Walsh,
12,ns_stabile@hotmail.com,Nick Stabile,
12,jim@planeshavings.com,Jim Stabile,
12,mbgraffeo@gmail.com,Brandon Graffeo,
12,fabunofal@yahoo.com,Fuad Abu Nofal,
12,raulch21@hotmail.com,Raul Contreras,
12,bamonjaras@hotmail.com,Mario Contreras,
12,amanuel7@yahoo.com,Manuel Granados,
12,kbadiei@rutan.com,Kaveh Badiei,
13,willsalzman@gmail.com,William Salzman,
13,frank@franksplace.net,Frank Stutz,
13,leo.merken@gmail.com,Leo Merken,COORD
13,aschenck771@gmail.com,Alan Schenck,
13,fnocedal@yahoo.com,Fernando Nocedal,
13,lmaheras@maheraswealthmanagement.com,Leo Maheras,
13,mzises@me.com,Matthew Zises,
13,lyntimgarrett@yahoo.com,Tim Garrett,
13,jklang77@gmail.com,Jamison Klang,
13,leolaura_2000@yahoo.com,Leo Centeno,
13,eric@cgland.net,Eric Anderson,
13,edwardk99@gmail.com,Edward Kim,
13,dougcorl@sbcglobal.net,Doug Corl,
13,nmaheras@yahoo.com,Nikos Maheras,
13,kyoungunr@gmail.com,Keith Young,
13,scott1337@hotmail.com,Scott Young,
13,99.dhruv@gmail.com,Dhruv Naithani,
13,christofrangos@gmail.com,Chris Frangos,
14,lyleong@pacbell.net,Leon Leong,COORD
14,hartb88@yahoo.com,Barry Hart,
14,russellkjones@gmail.com,Russell Jones,
14,bret@qss.com,Bret Dabel,
14,jeff@applitech.com,Jeff Harrison,
14,mazjam2@gmail.com,Maz Jamasbi,
14,Rfarrell@pausd.org,ronnie farrell,
14,ashota@hotmail.com,Ashot Andreasyan,
14,bhatiap@gmail.com,Pawan Bhatia,
14,luisverduzco1981@gmail.com,Luis Verduzco,
14,smore54@hotmail.com,Stephen More,
14,sungho63@gmail.com,sungho kim,
14,stuart.reid@sbcglobal.net,Stuart Reid,
14,romain.madelaine@stanford.edu,Romain Madelaine,
14,mlukamina@gmail.com,Branimir Milinkovic,
14,asherj.kohn@gmail.com,Asher Kohn,
14,flandava42@gmail.com,Fred Landavazo,
14,austonmartin88@gmail.com,Austin Steacy,
14,opodolyan27@gmail.com,Ollie Podolyan,
